2018-08-29 03:58:36->由于目标计算机积极拒绝，无法连接。 172.18.114.203:9002
2018-08-29 03:58:36 055	连接设备失败!
2018-08-29 03:59:00 780	断开连接设备失败!
2018-08-29 03:59:01 172	连接设备成功!
2018-08-29 03:59:04 186	收到心跳帧：06 00 F0 00 00 00 00 00 00 
2018-08-29 03:59:04 191	心跳应答：55 AA 00 06 00 E0 00 48 52 86 5B 00 21 
2018-08-29 03:59:04 578	收到心跳帧：06 00 F0 00 00 00 00 00 00 
2018-08-29 03:59:04 578	心跳应答：55 AA 01 06 00 E0 00 48 52 86 5B 00 20 
2018-08-29 03:59:09 378	收到心跳帧：06 00 F0 00 00 00 00 00 00 
2018-08-29 03:59:09 378	心跳应答：55 AA 02 06 00 E0 00 4D 52 86 5B 00 26 
2018-08-29 03:59:14 578	收到心跳帧：06 00 F0 00 00 00 00 00 00 
2018-08-29 03:59:14 578	心跳应答：55 AA 03 06 00 E0 00 52 52 86 5B 00 38 
2018-08-29 03:59:19 377	收到心跳帧：06 00 F0 00 00 00 00 00 00 
2018-08-29 03:59:19 378	心跳应答：55 AA 04 06 00 E0 00 57 52 86 5B 00 3A 
2018-08-29 03:59:24 577	收到心跳帧：06 00 F0 00 00 00 00 00 00 
2018-08-29 03:59:24 577	心跳应答：55 AA 05 06 00 E0 00 5C 52 86 5B 00 30 
2018-08-29 03:59:29 378	收到心跳帧：06 00 F0 00 00 00 00 00 00 
2018-08-29 03:59:29 378	心跳应答：55 AA 06 06 00 E0 00 61 52 86 5B 00 0E 
2018-08-29 03:59:34 578	收到心跳帧：06 00 F0 00 00 00 00 00 00 
2018-08-29 03:59:34 578	心跳应答：55 AA 07 06 00 E0 00 66 52 86 5B 00 08 
2018-08-29 03:59:39 378	收到心跳帧：06 00 F0 00 00 00 00 00 00 
2018-08-29 03:59:39 379	心跳应答：55 AA 08 06 00 E0 00 6B 52 86 5B 00 0A 
2018-08-29 03:59:44 578	收到心跳帧：06 00 F0 00 00 00 00 00 00 
2018-08-29 03:59:44 578	心跳应答：55 AA 09 06 00 E0 00 70 52 86 5B 00 10 
2018-08-29 03:59:46 332	断开连接设备成功!
2018-08-29 04:03:03 336	连接设备成功!
2018-08-29 04:03:04 533	收到心跳帧：06 00 F0 00 00 00 00 00 00 
2018-08-29 04:03:04 533	心跳应答：55 AA 0A 06 00 E0 00 38 53 86 5B 00 5A 
2018-08-29 04:03:09 734	收到心跳帧：06 00 F0 00 00 00 00 00 00 
2018-08-29 04:03:09 734	心跳应答：55 AA 0B 06 00 E0 00 3D 53 86 5B 00 5E 
2018-08-29 04:03:14 933	收到心跳帧：06 00 F0 00 00 00 00 00 00 
2018-08-29 04:03:14 934	心跳应答：55 AA 0C 06 00 E0 00 42 53 86 5B 00 26 
2018-08-29 04:03:19 734	收到心跳帧：06 00 F0 00 00 00 00 00 00 
2018-08-29 04:03:19 734	心跳应答：55 AA 0D 06 00 E0 00 47 53 86 5B 00 22 
2018-08-29 04:03:22 352	开始交易命令：55 AA 0E 01 00 C6 01 C8 
2018-08-29 04:03:22 352	车道交易控制回复：01 00 E6 01 
2018-08-29 04:03:24 118	ETC信息帧：30 00 F1 01 08 1E 14 75 01 5B 86 53 49 44 32 6B 14 D4 C1 42 30 30 30 30 31 00 00 00 00 31 35 32 38 32 32 31 35 30 37 31 30 30 32 38 39 00 00 00 00 01 00 
F1:1 F2:0 F3:0
2018-08-29 04:03:24 518	ETC信息帧：30 00 F1 01 08 1E 14 75 01 5B 86 53 49 44 32 6B 14 D4 C1 42 30 30 30 30 31 00 00 00 00 31 35 32 38 32 32 31 35 30 37 31 30 30 32 38 39 00 00 00 00 01 00 
F1:2 F2:0 F3:0
2018-08-29 04:03:28 240	ETC信息帧：30 00 F1 01 08 1E 14 75 01 5B 86 53 4E 44 71 60 C6 D4 C1 42 30 30 30 30 31 00 00 00 00 31 35 32 38 32 32 31 35 30 37 31 30 30 32 38 39 00 00 00 00 01 00 
F1:3 F2:0 F3:0
2018-08-29 04:03:28 639	ETC信息帧：30 00 F1 01 08 1E 14 75 01 5B 86 53 4E 44 71 60 C6 D4 C1 42 30 30 30 30 31 00 00 00 00 31 35 32 38 32 32 31 35 30 37 31 30 30 32 38 39 00 00 00 00 01 00 
F1:4 F2:0 F3:0
2018-08-29 04:03:32 317	ETC信息帧：30 00 F1 00 08 1E 14 75 01 5B 86 53 52 44 B0 46 95 D4 C1 42 30 30 30 30 31 00 00 00 00 31 35 32 38 32 32 31 35 30 37 31 30 30 32 38 39 00 00 00 00 01 00 
2018-08-29 04:03:32 319	车道放行指令：55 AA 0F 36 00 E1 00 08 1E 14 75 01 D4 C1 42 30 30 30 30 31 00 00 00 00 5B 86 53 52 44 B0 46 95 00 00 00 00 00 00 00 00 D4 01 85 5B 00 00 00 00 00 00 00 00 00 00 00 00 54 53 86 5B E2 
F1:5 F2:0 F3:0
2018-08-29 04:03:32 507	出口扣费结果：76 00 F2 00 08 1E 14 75 01 31 35 32 38 32 32 31 35 30 37 31 30 30 32 38 39 00 00 00 00 D4 C1 42 30 30 30 30 31 00 00 00 00 5B 86 53 52 44 B0 46 95 00 00 00 00 54 53 86 5B 39 39 39 39 32 30 31 36 30 33 31 35 30 30 30 35 35 42 38 36 35 33 35 32 34 34 42 30 34 36 39 35 32 32 EC 04 0F 00 30 30 30 30 33 32 42 31 30 30 30 30 30 30 33 45 37 44 30 33 39 36 30 35 34 42 
2018-08-29 04:03:32 508	扣款结果应答：55 AA 10 15 00 E2 00 5B 86 53 52 44 B0 46 95 D4 C1 42 30 30 30 30 31 00 00 00 00 7A 
F1:5 F2:1 F3:0
2018-08-29 04:03:36 537	收到心跳帧：06 00 F0 00 00 00 00 00 00 
2018-08-29 04:03:36 537	心跳应答：55 AA 11 06 00 E0 00 58 53 86 5B 00 21 
2018-08-29 04:03:41 742	收到心跳帧：06 00 F0 00 00 00 00 00 00 
2018-08-29 04:03:41 742	心跳应答：55 AA 12 06 00 E0 00 5D 53 86 5B 00 27 
2018-08-29 04:03:46 546	收到心跳帧：06 00 F0 00 00 00 00 00 00 
2018-08-29 04:03:46 546	心跳应答：55 AA 13 06 00 E0 00 62 53 86 5B 00 19 
2018-08-29 04:03:51 746	收到心跳帧：06 00 F0 00 00 00 00 00 00 
2018-08-29 04:03:51 746	心跳应答：55 AA 14 06 00 E0 00 67 53 86 5B 00 1B 
2018-08-29 04:03:56 549	收到心跳帧：06 00 F0 00 00 00 00 00 00 
2018-08-29 04:03:56 549	心跳应答：55 AA 15 06 00 E0 00 6C 53 86 5B 00 11 
2018-08-29 04:04:01 852	收到心跳帧：06 00 F0 00 00 00 00 00 00 
2018-08-29 04:04:01 852	心跳应答：55 AA 16 06 00 E0 00 71 53 86 5B 00 0F 
2018-08-29 04:04:06 653	收到心跳帧：06 00 F0 00 00 00 00 00 00 
2018-08-29 04:04:06 653	心跳应答：55 AA 17 06 00 E0 00 76 53 86 5B 00 09 
2018-08-29 04:04:11 852	收到心跳帧：06 00 F0 00 00 00 00 00 00 
2018-08-29 04:04:11 853	心跳应答：55 AA 18 06 00 E0 00 7B 53 86 5B 00 0B 
2018-08-29 04:04:16 653	收到心跳帧：06 00 F0 00 00 00 00 00 00 
2018-08-29 04:04:16 653	心跳应答：55 AA 19 06 00 E0 00 80 53 86 5B 00 F1 
2018-08-29 04:04:21 853	收到心跳帧：06 00 F0 00 00 00 00 00 00 
2018-08-29 04:04:21 853	心跳应答：55 AA 1A 06 00 E0 00 85 53 86 5B 00 F7 
2018-08-29 04:04:26 652	收到心跳帧：06 00 F0 00 00 00 00 00 00 
2018-08-29 04:04:26 652	心跳应答：55 AA 1B 06 00 E0 00 8A 53 86 5B 00 F9 
2018-08-29 04:04:31 853	收到心跳帧：06 00 F0 00 00 00 00 00 00 
2018-08-29 04:04:31 853	心跳应答：55 AA 1C 06 00 E0 00 8F 53 86 5B 00 FB 
2018-08-29 04:04:36 652	收到心跳帧：06 00 F0 00 00 00 00 00 00 
2018-08-29 04:04:36 652	心跳应答：55 AA 1D 06 00 E0 00 94 53 86 5B 00 E1 
2018-08-29 04:04:41 853	收到心跳帧：06 00 F0 00 00 00 00 00 00 
2018-08-29 04:04:41 853	心跳应答：55 AA 1E 06 00 E0 00 99 53 86 5B 00 EF 
2018-08-29 04:04:46 653	收到心跳帧：06 00 F0 00 00 00 00 00 00 
2018-08-29 04:04:46 653	心跳应答：55 AA 1F 06 00 E0 00 9E 53 86 5B 00 E9 
2018-08-29 04:04:51 853	收到心跳帧：06 00 F0 00 00 00 00 00 00 
2018-08-29 04:04:51 853	心跳应答：55 AA 20 06 00 E0 00 A3 53 86 5B 00 EB 
2018-08-29 04:04:56 653	收到心跳帧：06 00 F0 00 00 00 00 00 00 
2018-08-29 04:04:56 653	心跳应答：55 AA 21 06 00 E0 00 A8 53 86 5B 00 E1 
2018-08-29 04:05:01 853	收到心跳帧：06 00 F0 00 00 00 00 00 00 
2018-08-29 04:05:01 853	心跳应答：55 AA 22 06 00 E0 00 AD 53 86 5B 00 E7 
2018-08-29 04:05:06 653	收到心跳帧：06 00 F0 00 00 00 00 00 00 
2018-08-29 04:05:06 653	心跳应答：55 AA 23 06 00 E0 00 B2 53 86 5B 00 F9 
2018-08-29 04:05:11 853	收到心跳帧：06 00 F0 00 00 00 00 00 00 
2018-08-29 04:05:11 853	心跳应答：55 AA 24 06 00 E0 00 B7 53 86 5B 00 FB 
2018-08-29 04:05:16 653	收到心跳帧：06 00 F0 00 00 00 00 00 00 
2018-08-29 04:05:16 653	心跳应答：55 AA 25 06 00 E0 00 BC 53 86 5B 00 F1 
2018-08-29 04:05:21 853	收到心跳帧：06 00 F0 00 00 00 00 00 00 
2018-08-29 04:05:21 853	心跳应答：55 AA 26 06 00 E0 00 C1 53 86 5B 00 8F 
2018-08-29 04:05:26 652	收到心跳帧：06 00 F0 00 00 00 00 00 00 
2018-08-29 04:05:26 652	心跳应答：55 AA 27 06 00 E0 00 C6 53 86 5B 00 89 
2018-08-29 04:05:31 853	收到心跳帧：06 00 F0 00 00 00 00 00 00 
2018-08-29 04:05:31 853	心跳应答：55 AA 28 06 00 E0 00 CB 53 86 5B 00 8B 
2018-08-29 04:05:36 652	收到心跳帧：06 00 F0 00 00 00 00 00 00 
2018-08-29 04:05:36 653	心跳应答：55 AA 29 06 00 E0 00 D0 53 86 5B 00 91 
2018-08-29 04:05:41 852	收到心跳帧：06 00 F0 00 00 00 00 00 00 
2018-08-29 04:05:41 852	心跳应答：55 AA 2A 06 00 E0 00 D5 53 86 5B 00 97 
2018-08-29 04:05:46 652	收到心跳帧：06 00 F0 00 00 00 00 00 00 
2018-08-29 04:05:46 653	心跳应答：55 AA 2B 06 00 E0 00 DA 53 86 5B 00 99 
2018-08-29 04:05:51 853	收到心跳帧：06 00 F0 00 00 00 00 00 00 
2018-08-29 04:05:51 853	心跳应答：55 AA 2C 06 00 E0 00 DF 53 86 5B 00 9B 
2018-08-29 04:05:56 652	收到心跳帧：06 00 F0 00 00 00 00 00 00 
2018-08-29 04:05:56 652	心跳应答：55 AA 2D 06 00 E0 00 E4 53 86 5B 00 A1 
2018-08-29 04:06:01 853	收到心跳帧：06 00 F0 00 00 00 00 00 00 
2018-08-29 04:06:01 853	心跳应答：55 AA 2E 06 00 E0 00 E9 53 86 5B 00 AF 
2018-08-29 04:06:06 653	收到心跳帧：06 00 F0 00 00 00 00 00 00 
2018-08-29 04:06:06 653	心跳应答：55 AA 2F 06 00 E0 00 EE 53 86 5B 00 A9 
2018-08-29 04:06:11 854	收到心跳帧：06 00 F0 00 00 00 00 00 00 
2018-08-29 04:06:11 854	心跳应答：55 AA 30 06 00 E0 00 F3 53 86 5B 00 AB 
2018-08-29 04:06:17 054	收到心跳帧：06 00 F0 00 00 00 00 00 00 
2018-08-29 04:06:17 054	心跳应答：55 AA 31 06 00 E0 00 F9 53 86 5B 00 A0 
2018-08-29 04:06:21 854	收到心跳帧：06 00 F0 00 00 00 00 00 00 
2018-08-29 04:06:21 854	心跳应答：55 AA 32 06 00 E0 00 FD 53 86 5B 00 A7 
2018-08-29 04:06:27 054	收到心跳帧：06 00 F0 00 00 00 00 00 00 
2018-08-29 04:06:27 054	心跳应答：55 AA 33 06 00 E0 00 03 54 86 5B 00 5F 
2018-08-29 04:06:31 854	收到心跳帧：06 00 F0 00 00 00 00 00 00 
2018-08-29 04:06:31 854	心跳应答：55 AA 34 06 00 E0 00 07 54 86 5B 00 5C 
2018-08-29 04:06:36 654	收到心跳帧：06 00 F0 00 00 00 00 00 00 
2018-08-29 04:06:36 654	心跳应答：55 AA 35 06 00 E0 00 0C 54 86 5B 00 56 
2018-08-29 04:06:41 854	收到心跳帧：06 00 F0 00 00 00 00 00 00 
2018-08-29 04:06:41 854	心跳应答：55 AA 36 06 00 E0 00 11 54 86 5B 00 48 
2018-08-29 04:06:46 654	收到心跳帧：06 00 F0 00 00 00 00 00 00 
2018-08-29 04:06:46 654	心跳应答：55 AA 37 06 00 E0 00 16 54 86 5B 00 4E 
2018-08-29 04:06:51 854	收到心跳帧：06 00 F0 00 00 00 00 00 00 
2018-08-29 04:06:51 854	心跳应答：55 AA 38 06 00 E0 00 1B 54 86 5B 00 4C 
2018-08-29 04:06:56 654	收到心跳帧：06 00 F0 00 00 00 00 00 00 
2018-08-29 04:06:56 654	心跳应答：55 AA 39 06 00 E0 00 20 54 86 5B 00 76 
2018-08-29 04:07:01 854	收到心跳帧：06 00 F0 00 00 00 00 00 00 
2018-08-29 04:07:01 854	心跳应答：55 AA 3A 06 00 E0 00 25 54 86 5B 00 70 
2018-08-29 04:07:06 654	收到心跳帧：06 00 F0 00 00 00 00 00 00 
2018-08-29 04:07:06 654	心跳应答：55 AA 3B 06 00 E0 00 2A 54 86 5B 00 7E 
2018-08-29 04:07:11 854	收到心跳帧：06 00 F0 00 00 00 00 00 00 
2018-08-29 04:07:11 855	心跳应答：55 AA 3C 06 00 E0 00 2F 54 86 5B 00 7C 
2018-08-29 04:07:16 654	收到心跳帧：06 00 F0 00 00 00 00 00 00 
2018-08-29 04:07:16 654	心跳应答：55 AA 3D 06 00 E0 00 34 54 86 5B 00 66 
2018-08-29 04:07:21 854	收到心跳帧：06 00 F0 00 00 00 00 00 00 
2018-08-29 04:07:21 855	心跳应答：55 AA 3E 06 00 E0 00 39 54 86 5B 00 68 
2018-08-29 04:07:26 654	收到心跳帧：06 00 F0 00 00 00 00 00 00 
2018-08-29 04:07:26 654	心跳应答：55 AA 3F 06 00 E0 00 3E 54 86 5B 00 6E 
2018-08-29 04:07:31 853	收到心跳帧：06 00 F0 00 00 00 00 00 00 
2018-08-29 04:07:31 853	心跳应答：55 AA 40 06 00 E0 00 43 54 86 5B 00 6C 
2018-08-29 04:07:36 654	收到心跳帧：06 00 F0 00 00 00 00 00 00 
2018-08-29 04:07:36 654	心跳应答：55 AA 41 06 00 E0 00 48 54 86 5B 00 66 
2018-08-29 04:07:41 854	收到心跳帧：06 00 F0 00 00 00 00 00 00 
2018-08-29 04:07:41 854	心跳应答：55 AA 42 06 00 E0 00 4D 54 86 5B 00 60 
2018-08-29 04:07:46 653	收到心跳帧：06 00 F0 00 00 00 00 00 00 
2018-08-29 04:07:46 654	心跳应答：55 AA 43 06 00 E0 00 52 54 86 5B 00 7E 
2018-08-29 04:07:51 854	收到心跳帧：06 00 F0 00 00 00 00 00 00 
2018-08-29 04:07:51 854	心跳应答：55 AA 44 06 00 E0 00 57 54 86 5B 00 7C 
2018-08-29 04:07:56 654	收到心跳帧：06 00 F0 00 00 00 00 00 00 
2018-08-29 04:07:56 654	心跳应答：55 AA 45 06 00 E0 00 5C 54 86 5B 00 76 
2018-08-29 04:08:01 854	收到心跳帧：06 00 F0 00 00 00 00 00 00 
2018-08-29 04:08:01 855	心跳应答：55 AA 46 06 00 E0 00 61 54 86 5B 00 48 
2018-08-29 04:08:06 655	收到心跳帧：06 00 F0 00 00 00 00 00 00 
2018-08-29 04:08:06 655	心跳应答：55 AA 47 06 00 E0 00 66 54 86 5B 00 4E 
2018-08-29 04:08:11 854	收到心跳帧：06 00 F0 00 00 00 00 00 00 
2018-08-29 04:08:11 854	心跳应答：55 AA 48 06 00 E0 00 6B 54 86 5B 00 4C 
2018-08-29 04:08:16 654	收到心跳帧：06 00 F0 00 00 00 00 00 00 
2018-08-29 04:08:16 654	心跳应答：55 AA 49 06 00 E0 00 70 54 86 5B 00 56 
2018-08-29 04:08:21 854	收到心跳帧：06 00 F0 00 00 00 00 00 00 
2018-08-29 04:08:21 854	心跳应答：55 AA 4A 06 00 E0 00 75 54 86 5B 00 50 
2018-08-29 04:08:26 654	收到心跳帧：06 00 F0 00 00 00 00 00 00 
2018-08-29 04:08:26 654	心跳应答：55 AA 4B 06 00 E0 00 7A 54 86 5B 00 5E 
2018-08-29 04:08:31 854	收到心跳帧：06 00 F0 00 00 00 00 00 00 
2018-08-29 04:08:31 854	心跳应答：55 AA 4C 06 00 E0 00 7F 54 86 5B 00 5C 
2018-08-29 04:08:36 654	收到心跳帧：06 00 F0 00 00 00 00 00 00 
2018-08-29 04:08:36 654	心跳应答：55 AA 4D 06 00 E0 00 84 54 86 5B 00 A6 
2018-08-29 04:08:41 854	收到心跳帧：06 00 F0 00 00 00 00 00 00 
2018-08-29 04:08:41 854	心跳应答：55 AA 4E 06 00 E0 00 89 54 86 5B 00 A8 
2018-08-29 04:08:46 654	收到心跳帧：06 00 F0 00 00 00 00 00 00 
2018-08-29 04:08:46 654	心跳应答：55 AA 4F 06 00 E0 00 8E 54 86 5B 00 AE 
2018-08-29 04:08:51 854	收到心跳帧：06 00 F0 00 00 00 00 00 00 
2018-08-29 04:08:51 854	心跳应答：55 AA 50 06 00 E0 00 93 54 86 5B 00 AC 
2018-08-29 04:08:56 655	收到心跳帧：06 00 F0 00 00 00 00 00 00 
2018-08-29 04:08:56 655	心跳应答：55 AA 51 06 00 E0 00 98 54 86 5B 00 A6 
2018-08-29 04:09:01 854	收到心跳帧：06 00 F0 00 00 00 00 00 00 
2018-08-29 04:09:01 855	心跳应答：55 AA 52 06 00 E0 00 9D 54 86 5B 00 A0 
2018-08-29 04:09:06 655	收到心跳帧：06 00 F0 00 00 00 00 00 00 
2018-08-29 04:09:06 655	心跳应答：55 AA 53 06 00 E0 00 A2 54 86 5B 00 9E 
2018-08-29 04:09:11 854	收到心跳帧：06 00 F0 00 00 00 00 00 00 
2018-08-29 04:09:11 855	心跳应答：55 AA 54 06 00 E0 00 A7 54 86 5B 00 9C 
2018-08-29 04:09:17 054	收到心跳帧：06 00 F0 00 00 00 00 00 00 
2018-08-29 04:09:17 054	心跳应答：55 AA 55 06 00 E0 00 AD 54 86 5B 00 97 
2018-08-29 04:09:22 254	收到心跳帧：06 00 F0 00 00 00 00 00 00 
2018-08-29 04:09:22 254	心跳应答：55 AA 56 06 00 E0 00 B2 54 86 5B 00 8B 
2018-08-29 04:09:27 055	收到心跳帧：06 00 F0 00 00 00 00 00 00 
2018-08-29 04:09:27 055	心跳应答：55 AA 57 06 00 E0 00 B7 54 86 5B 00 8F 
2018-08-29 04:09:32 254	收到心跳帧：06 00 F0 00 00 00 00 00 00 
2018-08-29 04:09:32 254	心跳应答：55 AA 58 06 00 E0 00 BC 54 86 5B 00 8B 
2018-08-29 04:09:37 054	收到心跳帧：06 00 F0 00 00 00 00 00 00 
2018-08-29 04:09:37 054	心跳应答：55 AA 59 06 00 E0 00 C1 54 86 5B 00 F7 
2018-08-29 04:09:42 255	收到心跳帧：06 00 F0 00 00 00 00 00 00 
2018-08-29 04:09:42 255	心跳应答：55 AA 5A 06 00 E0 00 C6 54 86 5B 00 F3 
2018-08-29 04:09:47 054	收到心跳帧：06 00 F0 00 00 00 00 00 00 
2018-08-29 04:09:47 054	心跳应答：55 AA 5B 06 00 E0 00 CB 54 86 5B 00 FF 
2018-08-29 04:09:52 255	收到心跳帧：06 00 F0 00 00 00 00 00 00 
2018-08-29 04:09:52 255	心跳应答：55 AA 5C 06 00 E0 00 D0 54 86 5B 00 E3 
2018-08-29 04:09:57 054	收到心跳帧：06 00 F0 00 00 00 00 00 00 
2018-08-29 04:09:57 054	心跳应答：55 AA 5D 06 00 E0 00 D5 54 86 5B 00 E7 
2018-08-29 04:10:01 854	收到心跳帧：06 00 F0 00 00 00 00 00 00 
2018-08-29 04:10:01 855	心跳应答：55 AA 5E 06 00 E0 00 D9 54 86 5B 00 E8 
2018-08-29 04:10:07 055	收到心跳帧：06 00 F0 00 00 00 00 00 00 
2018-08-29 04:10:07 055	心跳应答：55 AA 5F 06 00 E0 00 DF 54 86 5B 00 EF 
2018-08-29 04:10:11 854	收到心跳帧：06 00 F0 00 00 00 00 00 00 
2018-08-29 04:10:11 855	心跳应答：55 AA 60 06 00 E0 00 E3 54 86 5B 00 EC 
2018-08-29 04:10:17 054	收到心跳帧：06 00 F0 00 00 00 00 00 00 
2018-08-29 04:10:17 054	心跳应答：55 AA 61 06 00 E0 00 E9 54 86 5B 00 E7 
2018-08-29 04:10:21 855	收到心跳帧：06 00 F0 00 00 00 00 00 00 
2018-08-29 04:10:21 855	心跳应答：55 AA 62 06 00 E0 00 ED 54 86 5B 00 E0 
2018-08-29 04:10:27 054	收到心跳帧：06 00 F0 00 00 00 00 00 00 
2018-08-29 04:10:27 054	心跳应答：55 AA 63 06 00 E0 00 F3 54 86 5B 00 FF 
2018-08-29 04:10:31 855	收到心跳帧：06 00 F0 00 00 00 00 00 00 
2018-08-29 04:10:31 855	心跳应答：55 AA 64 06 00 E0 00 F7 54 86 5B 00 FC 
2018-08-29 04:10:37 055	收到心跳帧：06 00 F0 00 00 00 00 00 00 
2018-08-29 04:10:37 055	心跳应答：55 AA 65 06 00 E0 00 FD 54 86 5B 00 F7 
2018-08-29 04:10:41 855	收到心跳帧：06 00 F0 00 00 00 00 00 00 
2018-08-29 04:10:41 855	心跳应答：55 AA 66 06 00 E0 00 01 55 86 5B 00 09 
2018-08-29 04:10:47 055	收到心跳帧：06 00 F0 00 00 00 00 00 00 
2018-08-29 04:10:47 055	心跳应答：55 AA 67 06 00 E0 00 07 55 86 5B 00 0E 
2018-08-29 04:10:51 855	收到心跳帧：06 00 F0 00 00 00 00 00 00 
2018-08-29 04:10:51 855	心跳应答：55 AA 68 06 00 E0 00 0B 55 86 5B 00 0D 
2018-08-29 04:10:57 055	收到心跳帧：06 00 F0 00 00 00 00 00 00 
2018-08-29 04:10:57 055	心跳应答：55 AA 69 06 00 E0 00 11 55 86 5B 00 16 
2018-08-29 04:11:01 854	收到心跳帧：06 00 F0 00 00 00 00 00 00 
2018-08-29 04:11:01 854	心跳应答：55 AA 6A 06 00 E0 00 15 55 86 5B 00 11 
2018-08-29 04:11:07 055	收到心跳帧：06 00 F0 00 00 00 00 00 00 
2018-08-29 04:11:07 055	心跳应答：55 AA 6B 06 00 E0 00 1B 55 86 5B 00 1E 
2018-08-29 04:11:11 855	收到心跳帧：06 00 F0 00 00 00 00 00 00 
2018-08-29 04:11:11 855	心跳应答：55 AA 6C 06 00 E0 00 1F 55 86 5B 00 1D 
2018-08-29 04:11:17 054	收到心跳帧：06 00 F0 00 00 00 00 00 00 
2018-08-29 04:11:17 055	心跳应答：55 AA 6D 06 00 E0 00 25 55 86 5B 00 26 
2018-08-29 04:11:21 855	收到心跳帧：06 00 F0 00 00 00 00 00 00 
2018-08-29 04:11:21 855	心跳应答：55 AA 6E 06 00 E0 00 29 55 86 5B 00 29 
2018-08-29 04:11:27 055	收到心跳帧：06 00 F0 00 00 00 00 00 00 
2018-08-29 04:11:27 055	心跳应答：55 AA 6F 06 00 E0 00 2F 55 86 5B 00 2E 
2018-08-29 04:11:31 855	收到心跳帧：06 00 F0 00 00 00 00 00 00 
2018-08-29 04:11:31 855	心跳应答：55 AA 70 06 00 E0 00 33 55 86 5B 00 2D 
2018-08-29 04:11:37 055	收到心跳帧：06 00 F0 00 00 00 00 00 00 
2018-08-29 04:11:37 055	心跳应答：55 AA 71 06 00 E0 00 39 55 86 5B 00 26 
2018-08-29 04:11:41 854	收到心跳帧：06 00 F0 00 00 00 00 00 00 
2018-08-29 04:11:41 854	心跳应答：55 AA 72 06 00 E0 00 3D 55 86 5B 00 21 
2018-08-29 04:11:47 055	收到心跳帧：06 00 F0 00 00 00 00 00 00 
2018-08-29 04:11:47 055	心跳应答：55 AA 73 06 00 E0 00 43 55 86 5B 00 5E 
2018-08-29 04:11:51 855	收到心跳帧：06 00 F0 00 00 00 00 00 00 
2018-08-29 04:11:51 855	心跳应答：55 AA 74 06 00 E0 00 47 55 86 5B 00 5D 
2018-08-29 04:11:57 055	收到心跳帧：06 00 F0 00 00 00 00 00 00 
2018-08-29 04:11:57 055	心跳应答：55 AA 75 06 00 E0 00 4D 55 86 5B 00 56 
2018-08-29 04:12:01 855	收到心跳帧：06 00 F0 00 00 00 00 00 00 
2018-08-29 04:12:01 855	心跳应答：55 AA 76 06 00 E0 00 51 55 86 5B 00 49 
2018-08-29 04:12:07 055	收到心跳帧：06 00 F0 00 00 00 00 00 00 
2018-08-29 04:12:07 055	心跳应答：55 AA 77 06 00 E0 00 57 55 86 5B 00 4E 
2018-08-29 04:12:11 854	收到心跳帧：06 00 F0 00 00 00 00 00 00 
2018-08-29 04:12:11 854	心跳应答：55 AA 78 06 00 E0 00 5B 55 86 5B 00 4D 
2018-08-29 04:12:17 055	收到心跳帧：06 00 F0 00 00 00 00 00 00 
2018-08-29 04:12:17 055	心跳应答：55 AA 79 06 00 E0 00 61 55 86 5B 00 76 
2018-08-29 04:12:21 456	收到心跳帧：06 00 F0 00 00 00 00 00 00 
2018-08-29 04:12:21 456	心跳应答：55 AA 7A 06 00 E0 00 65 55 86 5B 00 71 
2018-08-29 04:12:26 256	收到心跳帧：06 00 F0 00 00 00 00 00 00 
2018-08-29 04:12:26 256	心跳应答：55 AA 7B 06 00 E0 00 6A 55 86 5B 00 7F 
2018-08-29 04:12:31 456	收到心跳帧：06 00 F0 00 00 00 00 00 00 
2018-08-29 04:12:31 456	心跳应答：55 AA 7C 06 00 E0 00 6F 55 86 5B 00 7D 
2018-08-29 04:12:36 256	收到心跳帧：06 00 F0 00 00 00 00 00 00 
2018-08-29 04:12:36 256	心跳应答：55 AA 7D 06 00 E0 00 74 55 86 5B 00 67 
2018-08-29 04:12:41 056	收到心跳帧：06 00 F0 00 00 00 00 00 00 
2018-08-29 04:12:41 056	心跳应答：55 AA 7E 06 00 E0 00 79 55 86 5B 00 69 
2018-08-29 04:12:46 256	收到心跳帧：06 00 F0 00 00 00 00 00 00 
2018-08-29 04:12:46 256	心跳应答：55 AA 7F 06 00 E0 00 7E 55 86 5B 00 6F 
2018-08-29 04:12:51 056	收到心跳帧：06 00 F0 00 00 00 00 00 00 
2018-08-29 04:12:51 056	心跳应答：55 AA 80 06 00 E0 00 83 55 86 5B 00 6D 
2018-08-29 04:12:56 255	收到心跳帧：06 00 F0 00 00 00 00 00 00 
2018-08-29 04:12:56 256	心跳应答：55 AA 81 06 00 E0 00 88 55 86 5B 00 67 
2018-08-29 04:13:01 056	收到心跳帧：06 00 F0 00 00 00 00 00 00 
2018-08-29 04:13:01 056	心跳应答：55 AA 82 06 00 E0 00 8D 55 86 5B 00 61 
2018-08-29 04:13:06 256	收到心跳帧：06 00 F0 00 00 00 00 00 00 
2018-08-29 04:13:06 257	心跳应答：55 AA 83 06 00 E0 00 92 55 86 5B 00 7F 
2018-08-29 04:13:11 055	收到心跳帧：06 00 F0 00 00 00 00 00 00 
2018-08-29 04:13:11 056	心跳应答：55 AA 84 06 00 E0 00 97 55 86 5B 00 7D 
2018-08-29 04:13:16 256	收到心跳帧：06 00 F0 00 00 00 00 00 00 
2018-08-29 04:13:16 256	心跳应答：55 AA 85 06 00 E0 00 9C 55 86 5B 00 77 
2018-08-29 04:13:21 056	收到心跳帧：06 00 F0 00 00 00 00 00 00 
2018-08-29 04:13:21 056	心跳应答：55 AA 86 06 00 E0 00 A1 55 86 5B 00 49 
2018-08-29 04:13:26 256	收到心跳帧：06 00 F0 00 00 00 00 00 00 
2018-08-29 04:13:26 256	心跳应答：55 AA 87 06 00 E0 00 A6 55 86 5B 00 4F 
2018-08-29 04:13:31 056	收到心跳帧：06 00 F0 00 00 00 00 00 00 
2018-08-29 04:13:31 056	心跳应答：55 AA 88 06 00 E0 00 AB 55 86 5B 00 4D 
2018-08-29 04:13:36 257	收到心跳帧：06 00 F0 00 00 00 00 00 00 
2018-08-29 04:13:36 257	心跳应答：55 AA 89 06 00 E0 00 B0 55 86 5B 00 57 
2018-08-29 04:13:41 056	收到心跳帧：06 00 F0 00 00 00 00 00 00 
2018-08-29 04:13:41 056	心跳应答：55 AA 8A 06 00 E0 00 B5 55 86 5B 00 51 
2018-08-29 04:13:46 256	收到心跳帧：06 00 F0 00 00 00 00 00 00 
2018-08-29 04:13:46 256	心跳应答：55 AA 8B 06 00 E0 00 BA 55 86 5B 00 5F 
2018-08-29 04:13:51 056	收到心跳帧：06 00 F0 00 00 00 00 00 00 
2018-08-29 04:13:51 057	心跳应答：55 AA 8C 06 00 E0 00 BF 55 86 5B 00 5D 
2018-08-29 04:13:56 256	收到心跳帧：06 00 F0 00 00 00 00 00 00 
2018-08-29 04:13:56 256	心跳应答：55 AA 8D 06 00 E0 00 C4 55 86 5B 00 27 
2018-08-29 04:14:01 056	收到心跳帧：06 00 F0 00 00 00 00 00 00 
2018-08-29 04:14:01 056	心跳应答：55 AA 8E 06 00 E0 00 C9 55 86 5B 00 29 
2018-08-29 04:14:06 256	收到心跳帧：06 00 F0 00 00 00 00 00 00 
2018-08-29 04:14:06 256	心跳应答：55 AA 8F 06 00 E0 00 CE 55 86 5B 00 2F 
2018-08-29 04:14:11 056	收到心跳帧：06 00 F0 00 00 00 00 00 00 
2018-08-29 04:14:11 056	心跳应答：55 AA 90 06 00 E0 00 D3 55 86 5B 00 2D 
2018-08-29 04:14:16 256	收到心跳帧：06 00 F0 00 00 00 00 00 00 
2018-08-29 04:14:16 257	心跳应答：55 AA 91 06 00 E0 00 D8 55 86 5B 00 27 
2018-08-29 04:14:21 056	收到心跳帧：06 00 F0 00 00 00 00 00 00 
2018-08-29 04:14:21 057	心跳应答：55 AA 92 06 00 E0 00 DD 55 86 5B 00 21 
2018-08-29 04:14:26 255	收到心跳帧：06 00 F0 00 00 00 00 00 00 
2018-08-29 04:14:26 255	心跳应答：55 AA 93 06 00 E0 00 E2 55 86 5B 00 1F 
2018-08-29 04:14:31 056	收到心跳帧：06 00 F0 00 00 00 00 00 00 
2018-08-29 04:14:31 056	心跳应答：55 AA 94 06 00 E0 00 E7 55 86 5B 00 1D 
2018-08-29 04:14:36 256	收到心跳帧：06 00 F0 00 00 00 00 00 00 
2018-08-29 04:14:36 256	心跳应答：55 AA 95 06 00 E0 00 EC 55 86 5B 00 17 
2018-08-29 04:14:41 057	收到心跳帧：06 00 F0 00 00 00 00 00 00 
2018-08-29 04:14:41 057	心跳应答：55 AA 96 06 00 E0 00 F1 55 86 5B 00 09 
2018-08-29 04:14:46 256	收到心跳帧：06 00 F0 00 00 00 00 00 00 
2018-08-29 04:14:46 256	心跳应答：55 AA 97 06 00 E0 00 F6 55 86 5B 00 0F 
2018-08-29 04:14:51 056	收到心跳帧：06 00 F0 00 00 00 00 00 00 
2018-08-29 04:14:51 056	心跳应答：55 AA 98 06 00 E0 00 FB 55 86 5B 00 0D 
2018-08-29 04:14:56 256	收到心跳帧：06 00 F0 00 00 00 00 00 00 
2018-08-29 04:14:56 256	心跳应答：55 AA 99 06 00 E0 00 00 56 86 5B 00 F4 
2018-08-29 04:15:01 056	收到心跳帧：06 00 F0 00 00 00 00 00 00 
2018-08-29 04:15:01 056	心跳应答：55 AA 9A 06 00 E0 00 05 56 86 5B 00 F2 
2018-08-29 04:15:06 256	收到心跳帧：06 00 F0 00 00 00 00 00 00 
2018-08-29 04:15:06 256	心跳应答：55 AA 9B 06 00 E0 00 0A 56 86 5B 00 FC 
2018-08-29 04:15:11 056	收到心跳帧：06 00 F0 00 00 00 00 00 00 
2018-08-29 04:15:11 056	心跳应答：55 AA 9C 06 00 E0 00 0F 56 86 5B 00 FE 
2018-08-29 04:15:16 256	收到心跳帧：06 00 F0 00 00 00 00 00 00 
2018-08-29 04:15:16 256	心跳应答：55 AA 9D 06 00 E0 00 14 56 86 5B 00 E4 
2018-08-29 04:15:21 056	收到心跳帧：06 00 F0 00 00 00 00 00 00 
2018-08-29 04:15:21 056	心跳应答：55 AA 9E 06 00 E0 00 19 56 86 5B 00 EA 
2018-08-29 04:15:26 257	收到心跳帧：06 00 F0 00 00 00 00 00 00 
2018-08-29 04:15:26 257	心跳应答：55 AA 9F 06 00 E0 00 1E 56 86 5B 00 EC 
2018-08-29 04:15:31 457	收到心跳帧：06 00 F0 00 00 00 00 00 00 
2018-08-29 04:15:31 457	心跳应答：55 AA A0 06 00 E0 00 23 56 86 5B 00 EE 
2018-08-29 04:15:36 258	收到心跳帧：06 00 F0 00 00 00 00 00 00 
2018-08-29 04:15:36 258	心跳应答：55 AA A1 06 00 E0 00 28 56 86 5B 00 E4 
2018-08-29 04:15:41 457	收到心跳帧：06 00 F0 00 00 00 00 00 00 
2018-08-29 04:15:41 457	心跳应答：55 AA A2 06 00 E0 00 2D 56 86 5B 00 E2 
2018-08-29 04:15:46 257	收到心跳帧：06 00 F0 00 00 00 00 00 00 
2018-08-29 04:15:46 257	心跳应答：55 AA A3 06 00 E0 00 32 56 86 5B 00 FC 
2018-08-29 04:15:51 057	收到心跳帧：06 00 F0 00 00 00 00 00 00 
2018-08-29 04:15:51 057	心跳应答：55 AA A4 06 00 E0 00 37 56 86 5B 00 FE 
2018-08-29 04:15:56 257	收到心跳帧：06 00 F0 00 00 00 00 00 00 
2018-08-29 04:15:56 257	心跳应答：55 AA A5 06 00 E0 00 3C 56 86 5B 00 F4 
2018-08-29 04:16:01 057	收到心跳帧：06 00 F0 00 00 00 00 00 00 
2018-08-29 04:16:01 057	心跳应答：55 AA A6 06 00 E0 00 41 56 86 5B 00 8A 
2018-08-29 04:16:06 257	收到心跳帧：06 00 F0 00 00 00 00 00 00 
2018-08-29 04:16:06 257	心跳应答：55 AA A7 06 00 E0 00 46 56 86 5B 00 8C 
2018-08-29 04:16:11 057	收到心跳帧：06 00 F0 00 00 00 00 00 00 
2018-08-29 04:16:11 057	心跳应答：55 AA A8 06 00 E0 00 4B 56 86 5B 00 8E 
2018-08-29 04:16:16 257	收到心跳帧：06 00 F0 00 00 00 00 00 00 
2018-08-29 04:16:16 257	心跳应答：55 AA A9 06 00 E0 00 50 56 86 5B 00 94 
2018-08-29 04:16:21 057	收到心跳帧：06 00 F0 00 00 00 00 00 00 
2018-08-29 04:16:21 058	心跳应答：55 AA AA 06 00 E0 00 55 56 86 5B 00 92 
2018-08-29 04:16:26 258	收到心跳帧：06 00 F0 00 00 00 00 00 00 
2018-08-29 04:16:26 258	心跳应答：55 AA AB 06 00 E0 00 5A 56 86 5B 00 9C 
2018-08-29 04:16:31 058	收到心跳帧：06 00 F0 00 00 00 00 00 00 
2018-08-29 04:16:31 058	心跳应答：55 AA AC 06 00 E0 00 5F 56 86 5B 00 9E 
2018-08-29 04:16:36 257	收到心跳帧：06 00 F0 00 00 00 00 00 00 
2018-08-29 04:16:36 258	心跳应答：55 AA AD 06 00 E0 00 64 56 86 5B 00 A4 
2018-08-29 04:16:41 057	收到心跳帧：06 00 F0 00 00 00 00 00 00 
2018-08-29 04:16:41 058	心跳应答：55 AA AE 06 00 E0 00 69 56 86 5B 00 AA 
2018-08-29 04:16:46 258	收到心跳帧：06 00 F0 00 00 00 00 00 00 
2018-08-29 04:16:46 258	心跳应答：55 AA AF 06 00 E0 00 6E 56 86 5B 00 AC 
2018-08-29 04:16:51 058	收到心跳帧：06 00 F0 00 00 00 00 00 00 
2018-08-29 04:16:51 058	心跳应答：55 AA B0 06 00 E0 00 73 56 86 5B 00 AE 
2018-08-29 04:16:56 258	收到心跳帧：06 00 F0 00 00 00 00 00 00 
2018-08-29 04:16:56 258	心跳应答：55 AA B1 06 00 E0 00 78 56 86 5B 00 A4 
2018-08-29 04:17:01 058	收到心跳帧：06 00 F0 00 00 00 00 00 00 
2018-08-29 04:17:01 058	心跳应答：55 AA B2 06 00 E0 00 7D 56 86 5B 00 A2 
2018-08-29 04:17:06 257	收到心跳帧：06 00 F0 00 00 00 00 00 00 
2018-08-29 04:17:06 257	心跳应答：55 AA B3 06 00 E0 00 82 56 86 5B 00 5C 
2018-08-29 04:17:11 058	收到心跳帧：06 00 F0 00 00 00 00 00 00 
2018-08-29 04:17:11 058	心跳应答：55 AA B4 06 00 E0 00 87 56 86 5B 00 5E 
2018-08-29 04:17:16 257	收到心跳帧：06 00 F0 00 00 00 00 00 00 
2018-08-29 04:17:16 258	心跳应答：55 AA B5 06 00 E0 00 8C 56 86 5B 00 54 
2018-08-29 04:17:21 058	收到心跳帧：06 00 F0 00 00 00 00 00 00 
2018-08-29 04:17:21 058	心跳应答：55 AA B6 06 00 E0 00 91 56 86 5B 00 4A 
2018-08-29 04:17:26 257	收到心跳帧：06 00 F0 00 00 00 00 00 00 
2018-08-29 04:17:26 257	心跳应答：55 AA B7 06 00 E0 00 96 56 86 5B 00 4C 
2018-08-29 04:17:31 057	收到心跳帧：06 00 F0 00 00 00 00 00 00 
2018-08-29 04:17:31 057	心跳应答：55 AA B8 06 00 E0 00 9B 56 86 5B 00 4E 
2018-08-29 04:17:36 257	收到心跳帧：06 00 F0 00 00 00 00 00 00 
2018-08-29 04:17:36 257	心跳应答：55 AA B9 06 00 E0 00 A0 56 86 5B 00 74 
2018-08-29 04:17:41 057	收到心跳帧：06 00 F0 00 00 00 00 00 00 
2018-08-29 04:17:41 057	心跳应答：55 AA BA 06 00 E0 00 A5 56 86 5B 00 72 
2018-08-29 04:17:46 257	收到心跳帧：06 00 F0 00 00 00 00 00 00 
2018-08-29 04:17:46 257	心跳应答：55 AA BB 06 00 E0 00 AA 56 86 5B 00 7C 
2018-08-29 04:17:51 058	收到心跳帧：06 00 F0 00 00 00 00 00 00 
2018-08-29 04:17:51 058	心跳应答：55 AA BC 06 00 E0 00 AF 56 86 5B 00 7E 
2018-08-29 04:17:56 258	收到心跳帧：06 00 F0 00 00 00 00 00 00 
2018-08-29 04:17:56 258	心跳应答：55 AA BD 06 00 E0 00 B4 56 86 5B 00 64 
2018-08-29 04:18:01 058	收到心跳帧：06 00 F0 00 00 00 00 00 00 
2018-08-29 04:18:01 058	心跳应答：55 AA BE 06 00 E0 00 B9 56 86 5B 00 6A 
2018-08-29 04:18:06 262	收到心跳帧：06 00 F0 00 00 00 00 00 00 
2018-08-29 04:18:06 262	心跳应答：55 AA BF 06 00 E0 00 BE 56 86 5B 00 6C 
2018-08-29 04:18:11 057	收到心跳帧：06 00 F0 00 00 00 00 00 00 
2018-08-29 04:18:11 057	心跳应答：55 AA C0 06 00 E0 00 C3 56 86 5B 00 6E 
2018-08-29 04:18:16 258	收到心跳帧：06 00 F0 00 00 00 00 00 00 
2018-08-29 04:18:16 258	心跳应答：55 AA C1 06 00 E0 00 C8 56 86 5B 00 64 
2018-08-29 04:18:21 058	收到心跳帧：06 00 F0 00 00 00 00 00 00 
2018-08-29 04:18:21 058	心跳应答：55 AA C2 06 00 E0 00 CD 56 86 5B 00 62 
2018-08-29 04:18:26 258	收到心跳帧：06 00 F0 00 00 00 00 00 00 
2018-08-29 04:18:26 258	心跳应答：55 AA C3 06 00 E0 00 D2 56 86 5B 00 7C 
2018-08-29 04:18:31 459	收到心跳帧：06 00 F0 00 00 00 00 00 00 
2018-08-29 04:18:31 459	心跳应答：55 AA C4 06 00 E0 00 D7 56 86 5B 00 7E 
2018-08-29 04:18:36 659	收到心跳帧：06 00 F0 00 00 00 00 00 00 
2018-08-29 04:18:36 659	心跳应答：55 AA C5 06 00 E0 00 DC 56 86 5B 00 74 
2018-08-29 04:18:41 459	收到心跳帧：06 00 F0 00 00 00 00 00 00 
2018-08-29 04:18:41 459	心跳应答：55 AA C6 06 00 E0 00 E1 56 86 5B 00 4A 
2018-08-29 04:18:46 259	收到心跳帧：06 00 F0 00 00 00 00 00 00 
2018-08-29 04:18:46 259	心跳应答：55 AA C7 06 00 E0 00 E6 56 86 5B 00 4C 
2018-08-29 04:18:51 460	收到心跳帧：06 00 F0 00 00 00 00 00 00 
2018-08-29 04:18:51 460	心跳应答：55 AA C8 06 00 E0 00 EB 56 86 5B 00 4E 
2018-08-29 04:18:56 259	收到心跳帧：06 00 F0 00 00 00 00 00 00 
2018-08-29 04:18:56 259	心跳应答：55 AA C9 06 00 E0 00 F0 56 86 5B 00 54 
2018-08-29 04:19:01 460	收到心跳帧：06 00 F0 00 00 00 00 00 00 
2018-08-29 04:19:01 460	心跳应答：55 AA CA 06 00 E0 00 F5 56 86 5B 00 52 
2018-08-29 04:19:06 259	收到心跳帧：06 00 F0 00 00 00 00 00 00 
2018-08-29 04:19:06 259	心跳应答：55 AA CB 06 00 E0 00 FA 56 86 5B 00 5C 
2018-08-29 04:19:11 460	收到心跳帧：06 00 F0 00 00 00 00 00 00 
2018-08-29 04:19:11 460	心跳应答：55 AA CC 06 00 E0 00 FF 56 86 5B 00 5E 
2018-08-29 04:19:16 259	收到心跳帧：06 00 F0 00 00 00 00 00 00 
2018-08-29 04:19:16 260	心跳应答：55 AA CD 06 00 E0 00 04 57 86 5B 00 A5 
2018-08-29 04:19:21 460	收到心跳帧：06 00 F0 00 00 00 00 00 00 
2018-08-29 04:19:21 460	心跳应答：55 AA CE 06 00 E0 00 09 57 86 5B 00 AB 
2018-08-29 04:19:26 260	收到心跳帧：06 00 F0 00 00 00 00 00 00 
2018-08-29 04:19:26 260	心跳应答：55 AA CF 06 00 E0 00 0E 57 86 5B 00 AD 
2018-08-29 04:19:31 460	收到心跳帧：06 00 F0 00 00 00 00 00 00 
2018-08-29 04:19:31 460	心跳应答：55 AA D0 06 00 E0 00 13 57 86 5B 00 AF 
2018-08-29 04:19:36 259	收到心跳帧：06 00 F0 00 00 00 00 00 00 
2018-08-29 04:19:36 259	心跳应答：55 AA D1 06 00 E0 00 18 57 86 5B 00 A5 
2018-08-29 04:19:41 459	收到心跳帧：06 00 F0 00 00 00 00 00 00 
2018-08-29 04:19:41 460	心跳应答：55 AA D2 06 00 E0 00 1D 57 86 5B 00 A3 
2018-08-29 04:19:46 259	收到心跳帧：06 00 F0 00 00 00 00 00 00 
2018-08-29 04:19:46 259	心跳应答：55 AA D3 06 00 E0 00 22 57 86 5B 00 9D 
2018-08-29 04:19:51 460	收到心跳帧：06 00 F0 00 00 00 00 00 00 
2018-08-29 04:19:51 460	心跳应答：55 AA D4 06 00 E0 00 27 57 86 5B 00 9F 
2018-08-29 04:19:56 260	收到心跳帧：06 00 F0 00 00 00 00 00 00 
2018-08-29 04:19:56 260	心跳应答：55 AA D5 06 00 E0 00 2C 57 86 5B 00 95 
2018-08-29 04:20:01 460	收到心跳帧：06 00 F0 00 00 00 00 00 00 
2018-08-29 04:20:01 460	心跳应答：55 AA D6 06 00 E0 00 31 57 86 5B 00 8B 
2018-08-29 04:20:06 259	收到心跳帧：06 00 F0 00 00 00 00 00 00 
2018-08-29 04:20:06 260	心跳应答：55 AA D7 06 00 E0 00 36 57 86 5B 00 8D 
2018-08-29 04:20:11 459	收到心跳帧：06 00 F0 00 00 00 00 00 00 
2018-08-29 04:20:11 459	心跳应答：55 AA D8 06 00 E0 00 3B 57 86 5B 00 8F 
2018-08-29 04:20:16 260	收到心跳帧：06 00 F0 00 00 00 00 00 00 
2018-08-29 04:20:16 260	心跳应答：55 AA D9 06 00 E0 00 40 57 86 5B 00 F5 
2018-08-29 04:20:21 460	收到心跳帧：06 00 F0 00 00 00 00 00 00 
2018-08-29 04:20:21 460	心跳应答：55 AA DA 06 00 E0 00 45 57 86 5B 00 F3 
2018-08-29 04:20:26 260	收到心跳帧：06 00 F0 00 00 00 00 00 00 
2018-08-29 04:20:26 260	心跳应答：55 AA DB 06 00 E0 00 4A 57 86 5B 00 FD 
2018-08-29 04:20:31 460	收到心跳帧：06 00 F0 00 00 00 00 00 00 
2018-08-29 04:20:31 460	心跳应答：55 AA DC 06 00 E0 00 4F 57 86 5B 00 FF 
2018-08-29 04:20:36 260	收到心跳帧：06 00 F0 00 00 00 00 00 00 
2018-08-29 04:20:36 260	心跳应答：55 AA DD 06 00 E0 00 54 57 86 5B 00 E5 
2018-08-29 04:20:41 460	收到心跳帧：06 00 F0 00 00 00 00 00 00 
2018-08-29 04:20:41 461	心跳应答：55 AA DE 06 00 E0 00 59 57 86 5B 00 EB 
2018-08-29 04:20:46 260	收到心跳帧：06 00 F0 00 00 00 00 00 00 
2018-08-29 04:20:46 260	心跳应答：55 AA DF 06 00 E0 00 5E 57 86 5B 00 ED 
2018-08-29 04:20:51 460	收到心跳帧：06 00 F0 00 00 00 00 00 00 
2018-08-29 04:20:51 460	心跳应答：55 AA E0 06 00 E0 00 63 57 86 5B 00 EF 
2018-08-29 04:20:56 259	收到心跳帧：06 00 F0 00 00 00 00 00 00 
2018-08-29 04:20:56 260	心跳应答：55 AA E1 06 00 E0 00 68 57 86 5B 00 E5 
2018-08-29 04:21:01 460	收到心跳帧：06 00 F0 00 00 00 00 00 00 
2018-08-29 04:21:01 460	心跳应答：55 AA E2 06 00 E0 00 6D 57 86 5B 00 E3 
2018-08-29 04:21:06 260	收到心跳帧：06 00 F0 00 00 00 00 00 00 
2018-08-29 04:21:06 260	心跳应答：55 AA E3 06 00 E0 00 72 57 86 5B 00 FD 
2018-08-29 04:21:11 460	收到心跳帧：06 00 F0 00 00 00 00 00 00 
2018-08-29 04:21:11 460	心跳应答：55 AA E4 06 00 E0 00 77 57 86 5B 00 FF 
2018-08-29 04:21:16 260	收到心跳帧：06 00 F0 00 00 00 00 00 00 
2018-08-29 04:21:16 260	心跳应答：55 AA E5 06 00 E0 00 7C 57 86 5B 00 F5 
2018-08-29 04:21:21 460	收到心跳帧：06 00 F0 00 00 00 00 00 00 
2018-08-29 04:21:21 460	心跳应答：55 AA E6 06 00 E0 00 81 57 86 5B 00 0B 
2018-08-29 04:21:26 260	收到心跳帧：06 00 F0 00 00 00 00 00 00 
2018-08-29 04:21:26 261	心跳应答：55 AA E7 06 00 E0 00 86 57 86 5B 00 0D 
2018-08-29 04:21:31 460	收到心跳帧：06 00 F0 00 00 00 00 00 00 
2018-08-29 04:21:31 460	心跳应答：55 AA E8 06 00 E0 00 8B 57 86 5B 00 0F 
2018-08-29 04:21:36 661	收到心跳帧：06 00 F0 00 00 00 00 00 00 
2018-08-29 04:21:36 661	心跳应答：55 AA E9 06 00 E0 00 90 57 86 5B 00 15 
2018-08-29 04:21:41 862	收到心跳帧：06 00 F0 00 00 00 00 00 00 
2018-08-29 04:21:41 862	心跳应答：55 AA EA 06 00 E0 00 95 57 86 5B 00 13 
2018-08-29 04:21:46 661	收到心跳帧：06 00 F0 00 00 00 00 00 00 
2018-08-29 04:21:46 661	心跳应答：55 AA EB 06 00 E0 00 9A 57 86 5B 00 1D 
2018-08-29 04:21:51 861	收到心跳帧：06 00 F0 00 00 00 00 00 00 
2018-08-29 04:21:51 861	心跳应答：55 AA EC 06 00 E0 00 9F 57 86 5B 00 1F 
2018-08-29 04:21:56 661	收到心跳帧：06 00 F0 00 00 00 00 00 00 
2018-08-29 04:21:56 661	心跳应答：55 AA ED 06 00 E0 00 A4 57 86 5B 00 25 
2018-08-29 04:22:01 461	收到心跳帧：06 00 F0 00 00 00 00 00 00 
2018-08-29 04:22:01 461	心跳应答：55 AA EE 06 00 E0 00 A9 57 86 5B 00 2B 
2018-08-29 04:22:06 661	收到心跳帧：06 00 F0 00 00 00 00 00 00 
2018-08-29 04:22:06 661	心跳应答：55 AA EF 06 00 E0 00 AE 57 86 5B 00 2D 
2018-08-29 04:22:11 461	收到心跳帧：06 00 F0 00 00 00 00 00 00 
2018-08-29 04:22:11 461	心跳应答：55 AA F0 06 00 E0 00 B3 57 86 5B 00 2F 
2018-08-29 04:22:16 661	收到心跳帧：06 00 F0 00 00 00 00 00 00 
2018-08-29 04:22:16 661	心跳应答：55 AA F1 06 00 E0 00 B8 57 86 5B 00 25 
2018-08-29 04:22:21 461	收到心跳帧：06 00 F0 00 00 00 00 00 00 
2018-08-29 04:22:21 461	心跳应答：55 AA F2 06 00 E0 00 BD 57 86 5B 00 23 
2018-08-29 04:22:26 661	收到心跳帧：06 00 F0 00 00 00 00 00 00 
2018-08-29 04:22:26 661	心跳应答：55 AA F3 06 00 E0 00 C2 57 86 5B 00 5D 
2018-08-29 04:22:31 461	收到心跳帧：06 00 F0 00 00 00 00 00 00 
2018-08-29 04:22:31 461	心跳应答：55 AA F4 06 00 E0 00 C7 57 86 5B 00 5F 
2018-08-29 04:22:36 661	收到心跳帧：06 00 F0 00 00 00 00 00 00 
2018-08-29 04:22:36 661	心跳应答：55 AA F5 06 00 E0 00 CC 57 86 5B 00 55 
2018-08-29 04:22:41 462	收到心跳帧：06 00 F0 00 00 00 00 00 00 
2018-08-29 04:22:41 462	心跳应答：55 AA F6 06 00 E0 00 D1 57 86 5B 00 4B 
2018-08-29 04:22:46 661	收到心跳帧：06 00 F0 00 00 00 00 00 00 
2018-08-29 04:22:46 662	心跳应答：55 AA F7 06 00 E0 00 D6 57 86 5B 00 4D 
2018-08-29 04:22:51 461	收到心跳帧：06 00 F0 00 00 00 00 00 00 
2018-08-29 04:22:51 462	心跳应答：55 AA F8 06 00 E0 00 DB 57 86 5B 00 4F 
2018-08-29 04:22:56 661	收到心跳帧：06 00 F0 00 00 00 00 00 00 
2018-08-29 04:22:56 661	心跳应答：55 AA F9 06 00 E0 00 E0 57 86 5B 00 75 
2018-08-29 04:23:01 461	收到心跳帧：06 00 F0 00 00 00 00 00 00 
2018-08-29 04:23:01 461	心跳应答：55 AA FA 06 00 E0 00 E5 57 86 5B 00 73 
2018-08-29 04:23:06 661	收到心跳帧：06 00 F0 00 00 00 00 00 00 
2018-08-29 04:23:06 661	心跳应答：55 AA FB 06 00 E0 00 EA 57 86 5B 00 7D 
2018-08-29 04:23:11 461	收到心跳帧：06 00 F0 00 00 00 00 00 00 
2018-08-29 04:23:11 461	心跳应答：55 AA FC 06 00 E0 00 EF 57 86 5B 00 7F 
2018-08-29 04:23:16 661	收到心跳帧：06 00 F0 00 00 00 00 00 00 
2018-08-29 04:23:16 661	心跳应答：55 AA FD 06 00 E0 00 F4 57 86 5B 00 65 
2018-08-29 04:23:21 461	收到心跳帧：06 00 F0 00 00 00 00 00 00 
2018-08-29 04:23:21 461	心跳应答：55 AA FE 06 00 E0 00 F9 57 86 5B 00 6B 
2018-08-29 04:23:26 661	收到心跳帧：06 00 F0 00 00 00 00 00 00 
2018-08-29 04:23:26 661	心跳应答：55 AA FF 06 00 E0 00 FE 57 86 5B 00 6D 
