This file contains any messages produced by compilers while
running configure, to aid debugging if configure makes a mistake.

It was created by ice_ipgsdk configure 1.0.0.4, which was
generated by GNU Autoconf 2.69.  Invocation command line was

  $ ./configure --prefix=/root/code/ipg/ice_ipgsdk

## --------- ##
## Platform. ##
## --------- ##

hostname = ubuntu-dev
uname -m = i686
uname -r = 4.4.0-31-generic
uname -s = Linux
uname -v = #50~14.04.1-Ubuntu SMP Wed Jul 13 01:06:37 UTC 2016

/usr/bin/uname -p = unknown
/bin/uname -X     = unknown

/bin/arch              = unknown
/usr/bin/arch -k       = unknown
/usr/convex/getsysinfo = unknown
/usr/bin/hostinfo      = unknown
/bin/machine           = unknown
/usr/bin/oslevel       = unknown
/bin/universe          = unknown

PATH: /opt/gcc-linaro-5.4.1-2017.05-x86_64_arm-linux-gnueabihf/bin
PATH: /usr/local/sbin
PATH: /usr/local/bin
PATH: /usr/sbin
PATH: /usr/bin
PATH: /sbin
PATH: /bin
PATH: /usr/games
PATH: /usr/local/games


## ----------- ##
## Core tests. ##
## ----------- ##

configure:2494: checking for a BSD-compatible install
configure:2562: result: /usr/bin/install -c
configure:2573: checking whether build environment is sane
configure:2628: result: yes
configure:2779: checking for a thread-safe mkdir -p
configure:2818: result: /bin/mkdir -p
configure:2825: checking for gawk
configure:2841: found /usr/bin/gawk
configure:2852: result: gawk
configure:2863: checking whether make sets $(MAKE)
configure:2885: result: yes
configure:2914: checking whether make supports nested variables
configure:2931: result: yes
configure:3117: checking for g++
configure:3133: found /usr/bin/g++
configure:3144: result: g++
configure:3171: checking for C++ compiler version
configure:3180: g++ --version >&5
g++ (Ubuntu 4.8.4-2ubuntu1~14.04.3) 4.8.4
Copyright (C) 2013 Free Software Foundation, Inc.
This is free software; see the source for copying conditions.  There is NO
warranty; not even for MERCHANTABILITY or FITNESS FOR A PARTICULAR PURPOSE.

configure:3191: $? = 0
configure:3180: g++ -v >&5
Using built-in specs.
COLLECT_GCC=g++
COLLECT_LTO_WRAPPER=/usr/lib/gcc/i686-linux-gnu/4.8/lto-wrapper
Target: i686-linux-gnu
Configured with: ../src/configure -v --with-pkgversion='Ubuntu 4.8.4-2ubuntu1~14.04.3' --with-bugurl=file:///usr/share/doc/gcc-4.8/README.Bugs --enable-languages=c,c++,java,go,d,fortran,objc,obj-c++ --prefix=/usr --program-suffix=-4.8 --enable-shared --enable-linker-build-id --libexecdir=/usr/lib --without-included-gettext --enable-threads=posix --with-gxx-include-dir=/usr/include/c++/4.8 --libdir=/usr/lib --enable-nls --with-sysroot=/ --enable-clocale=gnu --enable-libstdcxx-debug --enable-libstdcxx-time=yes --enable-gnu-unique-object --disable-libmudflap --enable-plugin --with-system-zlib --disable-browser-plugin --enable-java-awt=gtk --enable-gtk-cairo --with-java-home=/usr/lib/jvm/java-1.5.0-gcj-4.8-i386/jre --enable-java-home --with-jvm-root-dir=/usr/lib/jvm/java-1.5.0-gcj-4.8-i386 --with-jvm-jar-dir=/usr/lib/jvm-exports/java-1.5.0-gcj-4.8-i386 --with-arch-directory=i386 --with-ecj-jar=/usr/share/java/eclipse-ecj.jar --enable-objc-gc --enable-targets=all --enable-multiarch --disable-werror --with-arch-32=i686 --with-multilib-list=m32,m64,mx32 --with-tune=generic --enable-checking=release --build=i686-linux-gnu --host=i686-linux-gnu --target=i686-linux-gnu
Thread model: posix
gcc version 4.8.4 (Ubuntu 4.8.4-2ubuntu1~14.04.3) 
configure:3191: $? = 0
configure:3180: g++ -V >&5
g++: error: unrecognized command line option '-V'
g++: fatal error: no input files
compilation terminated.
configure:3191: $? = 4
configure:3180: g++ -qversion >&5
g++: error: unrecognized command line option '-qversion'
g++: fatal error: no input files
compilation terminated.
configure:3191: $? = 4
configure:3211: checking whether the C++ compiler works
configure:3233: g++    conftest.cpp  >&5
configure:3237: $? = 0
configure:3285: result: yes
configure:3288: checking for C++ compiler default output file name
configure:3290: result: a.out
configure:3296: checking for suffix of executables
configure:3303: g++ -o conftest    conftest.cpp  >&5
configure:3307: $? = 0
configure:3329: result: 
configure:3351: checking whether we are cross compiling
configure:3359: g++ -o conftest    conftest.cpp  >&5
configure:3363: $? = 0
configure:3370: ./conftest
configure:3374: $? = 0
configure:3389: result: no
configure:3394: checking for suffix of object files
configure:3416: g++ -c   conftest.cpp >&5
configure:3420: $? = 0
configure:3441: result: o
configure:3445: checking whether we are using the GNU C++ compiler
configure:3464: g++ -c   conftest.cpp >&5
configure:3464: $? = 0
configure:3473: result: yes
configure:3482: checking whether g++ accepts -g
configure:3502: g++ -c -g  conftest.cpp >&5
configure:3502: $? = 0
configure:3543: result: yes
configure:3577: checking for style of include used by make
configure:3605: result: GNU
configure:3631: checking dependency style of g++
configure:3742: result: gcc3
configure:3805: checking for gcc
configure:3821: found /usr/bin/gcc
configure:3832: result: gcc
configure:4061: checking for C compiler version
configure:4070: gcc --version >&5
gcc (Ubuntu 4.8.4-2ubuntu1~14.04.3) 4.8.4
Copyright (C) 2013 Free Software Foundation, Inc.
This is free software; see the source for copying conditions.  There is NO
warranty; not even for MERCHANTABILITY or FITNESS FOR A PARTICULAR PURPOSE.

configure:4081: $? = 0
configure:4070: gcc -v >&5
Using built-in specs.
COLLECT_GCC=gcc
COLLECT_LTO_WRAPPER=/usr/lib/gcc/i686-linux-gnu/4.8/lto-wrapper
Target: i686-linux-gnu
Configured with: ../src/configure -v --with-pkgversion='Ubuntu 4.8.4-2ubuntu1~14.04.3' --with-bugurl=file:///usr/share/doc/gcc-4.8/README.Bugs --enable-languages=c,c++,java,go,d,fortran,objc,obj-c++ --prefix=/usr --program-suffix=-4.8 --enable-shared --enable-linker-build-id --libexecdir=/usr/lib --without-included-gettext --enable-threads=posix --with-gxx-include-dir=/usr/include/c++/4.8 --libdir=/usr/lib --enable-nls --with-sysroot=/ --enable-clocale=gnu --enable-libstdcxx-debug --enable-libstdcxx-time=yes --enable-gnu-unique-object --disable-libmudflap --enable-plugin --with-system-zlib --disable-browser-plugin --enable-java-awt=gtk --enable-gtk-cairo --with-java-home=/usr/lib/jvm/java-1.5.0-gcj-4.8-i386/jre --enable-java-home --with-jvm-root-dir=/usr/lib/jvm/java-1.5.0-gcj-4.8-i386 --with-jvm-jar-dir=/usr/lib/jvm-exports/java-1.5.0-gcj-4.8-i386 --with-arch-directory=i386 --with-ecj-jar=/usr/share/java/eclipse-ecj.jar --enable-objc-gc --enable-targets=all --enable-multiarch --disable-werror --with-arch-32=i686 --with-multilib-list=m32,m64,mx32 --with-tune=generic --enable-checking=release --build=i686-linux-gnu --host=i686-linux-gnu --target=i686-linux-gnu
Thread model: posix
gcc version 4.8.4 (Ubuntu 4.8.4-2ubuntu1~14.04.3) 
configure:4081: $? = 0
configure:4070: gcc -V >&5
gcc: error: unrecognized command line option '-V'
gcc: fatal error: no input files
compilation terminated.
configure:4081: $? = 4
configure:4070: gcc -qversion >&5
gcc: error: unrecognized command line option '-qversion'
gcc: fatal error: no input files
compilation terminated.
configure:4081: $? = 4
configure:4085: checking whether we are using the GNU C compiler
configure:4104: gcc -c   conftest.c >&5
configure:4104: $? = 0
configure:4113: result: yes
configure:4122: checking whether gcc accepts -g
configure:4142: gcc -c -g  conftest.c >&5
configure:4142: $? = 0
configure:4183: result: yes
configure:4200: checking for gcc option to accept ISO C89
configure:4263: gcc  -c -g -O2  conftest.c >&5
configure:4263: $? = 0
configure:4276: result: none needed
configure:4301: checking whether gcc understands -c and -o together
configure:4323: gcc -c conftest.c -o conftest2.o
configure:4326: $? = 0
configure:4323: gcc -c conftest.c -o conftest2.o
configure:4326: $? = 0
configure:4338: result: yes
configure:4357: checking dependency style of gcc
configure:4468: result: gcc3
configure:4512: checking build system type
configure:4526: result: i686-pc-linux-gnu
configure:4546: checking host system type
configure:4559: result: i686-pc-linux-gnu
configure:4600: checking how to print strings
configure:4627: result: printf
configure:4648: checking for a sed that does not truncate output
configure:4712: result: /bin/sed
configure:4730: checking for grep that handles long lines and -e
configure:4788: result: /bin/grep
configure:4793: checking for egrep
configure:4855: result: /bin/grep -E
configure:4860: checking for fgrep
configure:4922: result: /bin/grep -F
configure:4957: checking for ld used by gcc
configure:5024: result: /usr/bin/ld
configure:5031: checking if the linker (/usr/bin/ld) is GNU ld
configure:5046: result: yes
configure:5058: checking for BSD- or MS-compatible name lister (nm)
configure:5107: result: /usr/bin/nm -B
configure:5237: checking the name lister (/usr/bin/nm -B) interface
configure:5244: gcc -c -g -O2  conftest.c >&5
configure:5247: /usr/bin/nm -B "conftest.o"
configure:5250: output
00000000 B some_variable
configure:5257: result: BSD nm
configure:5260: checking whether ln -s works
configure:5264: result: yes
configure:5272: checking the maximum length of command line arguments
configure:5403: result: 1572864
configure:5420: checking whether the shell understands some XSI constructs
configure:5430: result: yes
configure:5434: checking whether the shell understands "+="
configure:5440: result: yes
configure:5475: checking how to convert i686-pc-linux-gnu file names to i686-pc-linux-gnu format
configure:5515: result: func_convert_file_noop
configure:5522: checking how to convert i686-pc-linux-gnu file names to toolchain format
configure:5542: result: func_convert_file_noop
configure:5549: checking for /usr/bin/ld option to reload object files
configure:5556: result: -r
configure:5630: checking for objdump
configure:5646: found /usr/bin/objdump
configure:5657: result: objdump
configure:5689: checking how to recognize dependent libraries
configure:5887: result: pass_all
configure:5972: checking for dlltool
configure:6002: result: no
configure:6032: checking how to associate runtime and link libraries
configure:6059: result: printf %s\n
configure:6120: checking for ar
configure:6136: found /usr/bin/ar
configure:6147: result: ar
configure:6184: checking for archiver @FILE support
configure:6201: gcc -c -g -O2  conftest.c >&5
configure:6201: $? = 0
configure:6204: ar cru libconftest.a @conftest.lst >&5
configure:6207: $? = 0
configure:6212: ar cru libconftest.a @conftest.lst >&5
ar: conftest.o: No such file or directory
configure:6215: $? = 1
configure:6227: result: @
configure:6285: checking for strip
configure:6301: found /usr/bin/strip
configure:6312: result: strip
configure:6384: checking for ranlib
configure:6400: found /usr/bin/ranlib
configure:6411: result: ranlib
configure:6513: checking command to parse /usr/bin/nm -B output from gcc object
configure:6633: gcc -c -g -O2  conftest.c >&5
configure:6636: $? = 0
configure:6640: /usr/bin/nm -B conftest.o \| sed -n -e 's/^.*[ ]\([ABCDGIRSTW][ABCDGIRSTW]*\)[ ][ ]*\([_A-Za-z][_A-Za-z0-9]*\)$/\1 \2 \2/p' | sed '/ __gnu_lto/d' \> conftest.nm
configure:6643: $? = 0
configure:6709: gcc -o conftest -g -O2   conftest.c conftstm.o >&5
configure:6712: $? = 0
configure:6750: result: ok
configure:6787: checking for sysroot
configure:6817: result: no
configure:7086: checking for mt
configure:7102: found /bin/mt
configure:7113: result: mt
configure:7136: checking if mt is a manifest tool
configure:7142: mt '-?'
configure:7150: result: no
configure:7792: checking how to run the C preprocessor
configure:7823: gcc -E  conftest.c
configure:7823: $? = 0
configure:7837: gcc -E  conftest.c
conftest.c:11:28: fatal error: ac_nonexistent.h: No such file or directory
 #include <ac_nonexistent.h>
                            ^
compilation terminated.
configure:7837: $? = 1
configure: failed program was:
| /* confdefs.h */
| #define PACKAGE_NAME "ice_ipgsdk"
| #define PACKAGE_TARNAME "ice_ipgsdk"
| #define PACKAGE_VERSION "1.0.0.4"
| #define PACKAGE_STRING "ice_ipgsdk 1.0.0.4"
| #define PACKAGE_BUGREPORT ""
| #define PACKAGE_URL ""
| #define PACKAGE "ice_ipgsdk"
| #define VERSION "1.0.0.4"
| /* end confdefs.h.  */
| #include <ac_nonexistent.h>
configure:7862: result: gcc -E
configure:7882: gcc -E  conftest.c
configure:7882: $? = 0
configure:7896: gcc -E  conftest.c
conftest.c:11:28: fatal error: ac_nonexistent.h: No such file or directory
 #include <ac_nonexistent.h>
                            ^
compilation terminated.
configure:7896: $? = 1
configure: failed program was:
| /* confdefs.h */
| #define PACKAGE_NAME "ice_ipgsdk"
| #define PACKAGE_TARNAME "ice_ipgsdk"
| #define PACKAGE_VERSION "1.0.0.4"
| #define PACKAGE_STRING "ice_ipgsdk 1.0.0.4"
| #define PACKAGE_BUGREPORT ""
| #define PACKAGE_URL ""
| #define PACKAGE "ice_ipgsdk"
| #define VERSION "1.0.0.4"
| /* end confdefs.h.  */
| #include <ac_nonexistent.h>
configure:7925: checking for ANSI C header files
configure:7945: gcc -c -g -O2  conftest.c >&5
configure:7945: $? = 0
configure:8018: gcc -o conftest -g -O2   conftest.c  >&5
configure:8018: $? = 0
configure:8018: ./conftest
configure:8018: $? = 0
configure:8029: result: yes
configure:8042: checking for sys/types.h
configure:8042: gcc -c -g -O2  conftest.c >&5
configure:8042: $? = 0
configure:8042: result: yes
configure:8042: checking for sys/stat.h
configure:8042: gcc -c -g -O2  conftest.c >&5
configure:8042: $? = 0
configure:8042: result: yes
configure:8042: checking for stdlib.h
configure:8042: gcc -c -g -O2  conftest.c >&5
configure:8042: $? = 0
configure:8042: result: yes
configure:8042: checking for string.h
configure:8042: gcc -c -g -O2  conftest.c >&5
configure:8042: $? = 0
configure:8042: result: yes
configure:8042: checking for memory.h
configure:8042: gcc -c -g -O2  conftest.c >&5
configure:8042: $? = 0
configure:8042: result: yes
configure:8042: checking for strings.h
configure:8042: gcc -c -g -O2  conftest.c >&5
configure:8042: $? = 0
configure:8042: result: yes
configure:8042: checking for inttypes.h
configure:8042: gcc -c -g -O2  conftest.c >&5
configure:8042: $? = 0
configure:8042: result: yes
configure:8042: checking for stdint.h
configure:8042: gcc -c -g -O2  conftest.c >&5
configure:8042: $? = 0
configure:8042: result: yes
configure:8042: checking for unistd.h
configure:8042: gcc -c -g -O2  conftest.c >&5
configure:8042: $? = 0
configure:8042: result: yes
configure:8056: checking for dlfcn.h
configure:8056: gcc -c -g -O2  conftest.c >&5
configure:8056: $? = 0
configure:8056: result: yes
configure:8273: checking for objdir
configure:8288: result: .libs
configure:8555: checking if gcc supports -fno-rtti -fno-exceptions
configure:8573: gcc -c -g -O2  -fno-rtti -fno-exceptions conftest.c >&5
cc1: warning: command line option '-fno-rtti' is valid for C++/ObjC++ but not for C [enabled by default]
configure:8577: $? = 0
configure:8590: result: no
configure:8917: checking for gcc option to produce PIC
configure:8924: result: -fPIC -DPIC
configure:8932: checking if gcc PIC flag -fPIC -DPIC works
configure:8950: gcc -c -g -O2  -fPIC -DPIC -DPIC conftest.c >&5
configure:8954: $? = 0
configure:8967: result: yes
configure:8996: checking if gcc static flag -static works
configure:9024: result: yes
configure:9039: checking if gcc supports -c -o file.o
configure:9060: gcc -c -g -O2  -o out/conftest2.o conftest.c >&5
configure:9064: $? = 0
configure:9086: result: yes
configure:9094: checking if gcc supports -c -o file.o
configure:9141: result: yes
configure:9174: checking whether the gcc linker (/usr/bin/ld) supports shared libraries
configure:10331: result: yes
configure:10368: checking whether -lc should be explicitly linked in
configure:10376: gcc -c -g -O2  conftest.c >&5
configure:10379: $? = 0
configure:10394: gcc -shared  -fPIC -DPIC conftest.o  -v -Wl,-soname -Wl,conftest -o conftest 2\>\&1 \| /bin/grep  -lc  \>/dev/null 2\>\&1
configure:10397: $? = 0
configure:10411: result: no
configure:10571: checking dynamic linker characteristics
configure:11071: gcc -o conftest -g -O2   -Wl,-rpath -Wl,/foo conftest.c  >&5
configure:11071: $? = 0
configure:11305: result: GNU/Linux ld.so
configure:11412: checking how to hardcode library paths into programs
configure:11437: result: immediate
configure:11977: checking whether stripping libraries is possible
configure:11982: result: yes
configure:12017: checking if libtool supports shared libraries
configure:12019: result: yes
configure:12022: checking whether to build shared libraries
configure:12043: result: yes
configure:12046: checking whether to build static libraries
configure:12050: result: yes
configure:12073: checking how to run the C++ preprocessor
configure:12100: g++ -E  conftest.cpp
configure:12100: $? = 0
configure:12114: g++ -E  conftest.cpp
conftest.cpp:23:28: fatal error: ac_nonexistent.h: No such file or directory
 #include <ac_nonexistent.h>
                            ^
compilation terminated.
configure:12114: $? = 1
configure: failed program was:
| /* confdefs.h */
| #define PACKAGE_NAME "ice_ipgsdk"
| #define PACKAGE_TARNAME "ice_ipgsdk"
| #define PACKAGE_VERSION "1.0.0.4"
| #define PACKAGE_STRING "ice_ipgsdk 1.0.0.4"
| #define PACKAGE_BUGREPORT ""
| #define PACKAGE_URL ""
| #define PACKAGE "ice_ipgsdk"
| #define VERSION "1.0.0.4"
| #define STDC_HEADERS 1
| #define HAVE_SYS_TYPES_H 1
| #define HAVE_SYS_STAT_H 1
| #define HAVE_STDLIB_H 1
| #define HAVE_STRING_H 1
| #define HAVE_MEMORY_H 1
| #define HAVE_STRINGS_H 1
| #define HAVE_INTTYPES_H 1
| #define HAVE_STDINT_H 1
| #define HAVE_UNISTD_H 1
| #define HAVE_DLFCN_H 1
| #define LT_OBJDIR ".libs/"
| /* end confdefs.h.  */
| #include <ac_nonexistent.h>
configure:12139: result: g++ -E
configure:12159: g++ -E  conftest.cpp
configure:12159: $? = 0
configure:12173: g++ -E  conftest.cpp
conftest.cpp:23:28: fatal error: ac_nonexistent.h: No such file or directory
 #include <ac_nonexistent.h>
                            ^
compilation terminated.
configure:12173: $? = 1
configure: failed program was:
| /* confdefs.h */
| #define PACKAGE_NAME "ice_ipgsdk"
| #define PACKAGE_TARNAME "ice_ipgsdk"
| #define PACKAGE_VERSION "1.0.0.4"
| #define PACKAGE_STRING "ice_ipgsdk 1.0.0.4"
| #define PACKAGE_BUGREPORT ""
| #define PACKAGE_URL ""
| #define PACKAGE "ice_ipgsdk"
| #define VERSION "1.0.0.4"
| #define STDC_HEADERS 1
| #define HAVE_SYS_TYPES_H 1
| #define HAVE_SYS_STAT_H 1
| #define HAVE_STDLIB_H 1
| #define HAVE_STRING_H 1
| #define HAVE_MEMORY_H 1
| #define HAVE_STRINGS_H 1
| #define HAVE_INTTYPES_H 1
| #define HAVE_STDINT_H 1
| #define HAVE_UNISTD_H 1
| #define HAVE_DLFCN_H 1
| #define LT_OBJDIR ".libs/"
| /* end confdefs.h.  */
| #include <ac_nonexistent.h>
configure:12342: checking for ld used by g++
configure:12409: result: /usr/bin/ld
configure:12416: checking if the linker (/usr/bin/ld) is GNU ld
configure:12431: result: yes
configure:12486: checking whether the g++ linker (/usr/bin/ld) supports shared libraries
configure:13488: result: yes
configure:13524: g++ -c -g -O2  conftest.cpp >&5
configure:13527: $? = 0
configure:14047: checking for g++ option to produce PIC
configure:14054: result: -fPIC -DPIC
configure:14062: checking if g++ PIC flag -fPIC -DPIC works
configure:14080: g++ -c -g -O2  -fPIC -DPIC -DPIC conftest.cpp >&5
configure:14084: $? = 0
configure:14097: result: yes
configure:14120: checking if g++ static flag -static works
configure:14148: result: yes
configure:14160: checking if g++ supports -c -o file.o
configure:14181: g++ -c -g -O2  -o out/conftest2.o conftest.cpp >&5
configure:14185: $? = 0
configure:14207: result: yes
configure:14212: checking if g++ supports -c -o file.o
configure:14259: result: yes
configure:14289: checking whether the g++ linker (/usr/bin/ld) supports shared libraries
configure:14328: result: yes
configure:14469: checking dynamic linker characteristics
configure:15137: result: GNU/Linux ld.so
configure:15190: checking how to hardcode library paths into programs
configure:15215: result: immediate
configure:15283: checking arpa/inet.h usability
configure:15283: gcc -c -g -O2  conftest.c >&5
configure:15283: $? = 0
configure:15283: result: yes
configure:15283: checking arpa/inet.h presence
configure:15283: gcc -E  conftest.c
configure:15283: $? = 0
configure:15283: result: yes
configure:15283: checking for arpa/inet.h
configure:15283: result: yes
configure:15283: checking fcntl.h usability
configure:15283: gcc -c -g -O2  conftest.c >&5
configure:15283: $? = 0
configure:15283: result: yes
configure:15283: checking fcntl.h presence
configure:15283: gcc -E  conftest.c
configure:15283: $? = 0
configure:15283: result: yes
configure:15283: checking for fcntl.h
configure:15283: result: yes
configure:15283: checking for stdint.h
configure:15283: result: yes
configure:15283: checking for stdlib.h
configure:15283: result: yes
configure:15283: checking for string.h
configure:15283: result: yes
configure:15283: checking sys/socket.h usability
configure:15283: gcc -c -g -O2  conftest.c >&5
configure:15283: $? = 0
configure:15283: result: yes
configure:15283: checking sys/socket.h presence
configure:15283: gcc -E  conftest.c
configure:15283: $? = 0
configure:15283: result: yes
configure:15283: checking for sys/socket.h
configure:15283: result: yes
configure:15283: checking for unistd.h
configure:15283: result: yes
configure:15295: checking for stdbool.h that conforms to C99
configure:15362: gcc -c -g -O2  conftest.c >&5
configure:15362: $? = 0
configure:15369: result: yes
configure:15371: checking for _Bool
configure:15371: gcc -c -g -O2  conftest.c >&5
configure:15371: $? = 0
configure:15371: gcc -c -g -O2  conftest.c >&5
conftest.c: In function 'main':
conftest.c:66:20: error: expected expression before ')' token
 if (sizeof ((_Bool)))
                    ^
configure:15371: $? = 1
configure: failed program was:
| /* confdefs.h */
| #define PACKAGE_NAME "ice_ipgsdk"
| #define PACKAGE_TARNAME "ice_ipgsdk"
| #define PACKAGE_VERSION "1.0.0.4"
| #define PACKAGE_STRING "ice_ipgsdk 1.0.0.4"
| #define PACKAGE_BUGREPORT ""
| #define PACKAGE_URL ""
| #define PACKAGE "ice_ipgsdk"
| #define VERSION "1.0.0.4"
| #define STDC_HEADERS 1
| #define HAVE_SYS_TYPES_H 1
| #define HAVE_SYS_STAT_H 1
| #define HAVE_STDLIB_H 1
| #define HAVE_STRING_H 1
| #define HAVE_MEMORY_H 1
| #define HAVE_STRINGS_H 1
| #define HAVE_INTTYPES_H 1
| #define HAVE_STDINT_H 1
| #define HAVE_UNISTD_H 1
| #define HAVE_DLFCN_H 1
| #define LT_OBJDIR ".libs/"
| #define HAVE_ARPA_INET_H 1
| #define HAVE_FCNTL_H 1
| #define HAVE_STDINT_H 1
| #define HAVE_STDLIB_H 1
| #define HAVE_STRING_H 1
| #define HAVE_SYS_SOCKET_H 1
| #define HAVE_UNISTD_H 1
| /* end confdefs.h.  */
| #include <stdio.h>
| #ifdef HAVE_SYS_TYPES_H
| # include <sys/types.h>
| #endif
| #ifdef HAVE_SYS_STAT_H
| # include <sys/stat.h>
| #endif
| #ifdef STDC_HEADERS
| # include <stdlib.h>
| # include <stddef.h>
| #else
| # ifdef HAVE_STDLIB_H
| #  include <stdlib.h>
| # endif
| #endif
| #ifdef HAVE_STRING_H
| # if !defined STDC_HEADERS && defined HAVE_MEMORY_H
| #  include <memory.h>
| # endif
| # include <string.h>
| #endif
| #ifdef HAVE_STRINGS_H
| # include <strings.h>
| #endif
| #ifdef HAVE_INTTYPES_H
| # include <inttypes.h>
| #endif
| #ifdef HAVE_STDINT_H
| # include <stdint.h>
| #endif
| #ifdef HAVE_UNISTD_H
| # include <unistd.h>
| #endif
| int
| main ()
| {
| if (sizeof ((_Bool)))
| 	    return 0;
|   ;
|   return 0;
| }
configure:15371: result: yes
configure:15382: checking for inline
configure:15398: gcc -c -g -O2  conftest.c >&5
configure:15398: $? = 0
configure:15406: result: inline
configure:15424: checking for size_t
configure:15424: gcc -c -g -O2  conftest.c >&5
configure:15424: $? = 0
configure:15424: gcc -c -g -O2  conftest.c >&5
conftest.c: In function 'main':
conftest.c:67:21: error: expected expression before ')' token
 if (sizeof ((size_t)))
                     ^
configure:15424: $? = 1
configure: failed program was:
| /* confdefs.h */
| #define PACKAGE_NAME "ice_ipgsdk"
| #define PACKAGE_TARNAME "ice_ipgsdk"
| #define PACKAGE_VERSION "1.0.0.4"
| #define PACKAGE_STRING "ice_ipgsdk 1.0.0.4"
| #define PACKAGE_BUGREPORT ""
| #define PACKAGE_URL ""
| #define PACKAGE "ice_ipgsdk"
| #define VERSION "1.0.0.4"
| #define STDC_HEADERS 1
| #define HAVE_SYS_TYPES_H 1
| #define HAVE_SYS_STAT_H 1
| #define HAVE_STDLIB_H 1
| #define HAVE_STRING_H 1
| #define HAVE_MEMORY_H 1
| #define HAVE_STRINGS_H 1
| #define HAVE_INTTYPES_H 1
| #define HAVE_STDINT_H 1
| #define HAVE_UNISTD_H 1
| #define HAVE_DLFCN_H 1
| #define LT_OBJDIR ".libs/"
| #define HAVE_ARPA_INET_H 1
| #define HAVE_FCNTL_H 1
| #define HAVE_STDINT_H 1
| #define HAVE_STDLIB_H 1
| #define HAVE_STRING_H 1
| #define HAVE_SYS_SOCKET_H 1
| #define HAVE_UNISTD_H 1
| #define HAVE__BOOL 1
| /* end confdefs.h.  */
| #include <stdio.h>
| #ifdef HAVE_SYS_TYPES_H
| # include <sys/types.h>
| #endif
| #ifdef HAVE_SYS_STAT_H
| # include <sys/stat.h>
| #endif
| #ifdef STDC_HEADERS
| # include <stdlib.h>
| # include <stddef.h>
| #else
| # ifdef HAVE_STDLIB_H
| #  include <stdlib.h>
| # endif
| #endif
| #ifdef HAVE_STRING_H
| # if !defined STDC_HEADERS && defined HAVE_MEMORY_H
| #  include <memory.h>
| # endif
| # include <string.h>
| #endif
| #ifdef HAVE_STRINGS_H
| # include <strings.h>
| #endif
| #ifdef HAVE_INTTYPES_H
| # include <inttypes.h>
| #endif
| #ifdef HAVE_STDINT_H
| # include <stdint.h>
| #endif
| #ifdef HAVE_UNISTD_H
| # include <unistd.h>
| #endif
| int
| main ()
| {
| if (sizeof ((size_t)))
| 	    return 0;
|   ;
|   return 0;
| }
configure:15424: result: yes
configure:15435: checking for uint16_t
configure:15435: gcc -c -g -O2  conftest.c >&5
configure:15435: $? = 0
configure:15435: result: yes
configure:15447: checking for uint32_t
configure:15447: gcc -c -g -O2  conftest.c >&5
configure:15447: $? = 0
configure:15447: result: yes
configure:15461: checking for uint64_t
configure:15461: gcc -c -g -O2  conftest.c >&5
configure:15461: $? = 0
configure:15461: result: yes
configure:15475: checking for uint8_t
configure:15475: gcc -c -g -O2  conftest.c >&5
configure:15475: $? = 0
configure:15475: result: yes
configure:15493: checking for stdlib.h
configure:15493: result: yes
configure:15503: checking for GNU libc compatible malloc
configure:15527: gcc -o conftest -g -O2   conftest.c  >&5
configure:15527: $? = 0
configure:15527: ./conftest
configure:15527: $? = 0
configure:15537: result: yes
configure:15558: checking whether time.h and sys/time.h may both be included
configure:15578: gcc -c -g -O2  conftest.c >&5
configure:15578: $? = 0
configure:15585: result: yes
configure:15599: checking for sys/time.h
configure:15599: gcc -c -g -O2  conftest.c >&5
configure:15599: $? = 0
configure:15599: result: yes
configure:15599: checking for unistd.h
configure:15599: result: yes
configure:15620: checking for alarm
configure:15620: gcc -o conftest -g -O2   conftest.c  >&5
configure:15620: $? = 0
configure:15620: result: yes
configure:15633: checking for working mktime
configure:15835: gcc -o conftest -g -O2   conftest.c  >&5
configure:15835: $? = 0
configure:15835: ./conftest
configure:15835: $? = 0
configure:15845: result: yes
configure:15859: checking for gettimeofday
configure:15859: gcc -o conftest -g -O2   conftest.c  >&5
configure:15859: $? = 0
configure:15859: result: yes
configure:15859: checking for inet_ntoa
configure:15859: gcc -o conftest -g -O2   conftest.c  >&5
configure:15859: $? = 0
configure:15859: result: yes
configure:15859: checking for memmove
configure:15859: gcc -o conftest -g -O2   conftest.c  >&5
conftest.c:62:6: warning: conflicting types for built-in function 'memmove' [enabled by default]
 char memmove ();
      ^
configure:15859: $? = 0
configure:15859: result: yes
configure:15859: checking for memset
configure:15859: gcc -o conftest -g -O2   conftest.c  >&5
conftest.c:63:6: warning: conflicting types for built-in function 'memset' [enabled by default]
 char memset ();
      ^
configure:15859: $? = 0
configure:15859: result: yes
configure:15859: checking for mkdir
configure:15859: gcc -o conftest -g -O2   conftest.c  >&5
configure:15859: $? = 0
configure:15859: result: yes
configure:15859: checking for select
configure:15859: gcc -o conftest -g -O2   conftest.c  >&5
configure:15859: $? = 0
configure:15859: result: yes
configure:15859: checking for socket
configure:15859: gcc -o conftest -g -O2   conftest.c  >&5
configure:15859: $? = 0
configure:15859: result: yes
configure:15859: checking for strchr
configure:15859: gcc -o conftest -g -O2   conftest.c  >&5
conftest.c:67:6: warning: conflicting types for built-in function 'strchr' [enabled by default]
 char strchr ();
      ^
configure:15859: $? = 0
configure:15859: result: yes
configure:15859: checking for strstr
configure:15859: gcc -o conftest -g -O2   conftest.c  >&5
conftest.c:68:6: warning: conflicting types for built-in function 'strstr' [enabled by default]
 char strstr ();
      ^
configure:15859: $? = 0
configure:15859: result: yes
configure:15980: checking that generated files are newer than configure
configure:15986: result: done
configure:16013: creating ./config.status

## ---------------------- ##
## Running config.status. ##
## ---------------------- ##

This file was extended by ice_ipgsdk config.status 1.0.0.4, which was
generated by GNU Autoconf 2.69.  Invocation command line was

  CONFIG_FILES    = 
  CONFIG_HEADERS  = 
  CONFIG_LINKS    = 
  CONFIG_COMMANDS = 
  $ ./config.status 

on ubuntu-dev

config.status:1166: creating Makefile
config.status:1166: creating config.h
config.status:1347: config.h is unchanged
config.status:1395: executing depfiles commands
config.status:1395: executing libtool commands

## ---------------- ##
## Cache variables. ##
## ---------------- ##

ac_cv_build=i686-pc-linux-gnu
ac_cv_c_compiler_gnu=yes
ac_cv_c_inline=inline
ac_cv_c_uint16_t=yes
ac_cv_c_uint32_t=yes
ac_cv_c_uint64_t=yes
ac_cv_c_uint8_t=yes
ac_cv_cxx_compiler_gnu=yes
ac_cv_env_CCC_set=
ac_cv_env_CCC_value=
ac_cv_env_CC_set=
ac_cv_env_CC_value=
ac_cv_env_CFLAGS_set=
ac_cv_env_CFLAGS_value=
ac_cv_env_CPPFLAGS_set=
ac_cv_env_CPPFLAGS_value=
ac_cv_env_CPP_set=
ac_cv_env_CPP_value=
ac_cv_env_CXXCPP_set=
ac_cv_env_CXXCPP_value=
ac_cv_env_CXXFLAGS_set=
ac_cv_env_CXXFLAGS_value=
ac_cv_env_CXX_set=
ac_cv_env_CXX_value=
ac_cv_env_LDFLAGS_set=
ac_cv_env_LDFLAGS_value=
ac_cv_env_LIBS_set=
ac_cv_env_LIBS_value=
ac_cv_env_build_alias_set=
ac_cv_env_build_alias_value=
ac_cv_env_host_alias_set=
ac_cv_env_host_alias_value=
ac_cv_env_target_alias_set=
ac_cv_env_target_alias_value=
ac_cv_func_alarm=yes
ac_cv_func_gettimeofday=yes
ac_cv_func_inet_ntoa=yes
ac_cv_func_malloc_0_nonnull=yes
ac_cv_func_memmove=yes
ac_cv_func_memset=yes
ac_cv_func_mkdir=yes
ac_cv_func_select=yes
ac_cv_func_socket=yes
ac_cv_func_strchr=yes
ac_cv_func_strstr=yes
ac_cv_func_working_mktime=yes
ac_cv_header_arpa_inet_h=yes
ac_cv_header_dlfcn_h=yes
ac_cv_header_fcntl_h=yes
ac_cv_header_inttypes_h=yes
ac_cv_header_memory_h=yes
ac_cv_header_stdbool_h=yes
ac_cv_header_stdc=yes
ac_cv_header_stdint_h=yes
ac_cv_header_stdlib_h=yes
ac_cv_header_string_h=yes
ac_cv_header_strings_h=yes
ac_cv_header_sys_socket_h=yes
ac_cv_header_sys_stat_h=yes
ac_cv_header_sys_time_h=yes
ac_cv_header_sys_types_h=yes
ac_cv_header_time=yes
ac_cv_header_unistd_h=yes
ac_cv_host=i686-pc-linux-gnu
ac_cv_objext=o
ac_cv_path_EGREP='/bin/grep -E'
ac_cv_path_FGREP='/bin/grep -F'
ac_cv_path_GREP=/bin/grep
ac_cv_path_SED=/bin/sed
ac_cv_path_install='/usr/bin/install -c'
ac_cv_path_mkdir=/bin/mkdir
ac_cv_prog_AWK=gawk
ac_cv_prog_CPP='gcc -E'
ac_cv_prog_CXXCPP='g++ -E'
ac_cv_prog_ac_ct_AR=ar
ac_cv_prog_ac_ct_CC=gcc
ac_cv_prog_ac_ct_CXX=g++
ac_cv_prog_ac_ct_MANIFEST_TOOL=mt
ac_cv_prog_ac_ct_OBJDUMP=objdump
ac_cv_prog_ac_ct_RANLIB=ranlib
ac_cv_prog_ac_ct_STRIP=strip
ac_cv_prog_cc_c89=
ac_cv_prog_cc_g=yes
ac_cv_prog_cxx_g=yes
ac_cv_prog_make_make_set=yes
ac_cv_type__Bool=yes
ac_cv_type_size_t=yes
am_cv_CC_dependencies_compiler_type=gcc3
am_cv_CXX_dependencies_compiler_type=gcc3
am_cv_make_support_nested_variables=yes
am_cv_prog_cc_c_o=yes
lt_cv_ar_at_file=@
lt_cv_archive_cmds_need_lc=no
lt_cv_deplibs_check_method=pass_all
lt_cv_file_magic_cmd='$MAGIC_CMD'
lt_cv_file_magic_test_file=
lt_cv_ld_reload_flag=-r
lt_cv_nm_interface='BSD nm'
lt_cv_objdir=.libs
lt_cv_path_LD=/usr/bin/ld
lt_cv_path_LDCXX=/usr/bin/ld
lt_cv_path_NM='/usr/bin/nm -B'
lt_cv_path_mainfest_tool=no
lt_cv_prog_compiler_c_o=yes
lt_cv_prog_compiler_c_o_CXX=yes
lt_cv_prog_compiler_pic='-fPIC -DPIC'
lt_cv_prog_compiler_pic_CXX='-fPIC -DPIC'
lt_cv_prog_compiler_pic_works=yes
lt_cv_prog_compiler_pic_works_CXX=yes
lt_cv_prog_compiler_rtti_exceptions=no
lt_cv_prog_compiler_static_works=yes
lt_cv_prog_compiler_static_works_CXX=yes
lt_cv_prog_gnu_ld=yes
lt_cv_prog_gnu_ldcxx=yes
lt_cv_sharedlib_from_linklib_cmd='printf %s\n'
lt_cv_shlibpath_overrides_runpath=no
lt_cv_sys_global_symbol_pipe='sed -n -e '\''s/^.*[	 ]\([ABCDGIRSTW][ABCDGIRSTW]*\)[	 ][	 ]*\([_A-Za-z][_A-Za-z0-9]*\)$/\1 \2 \2/p'\'' | sed '\''/ __gnu_lto/d'\'''
lt_cv_sys_global_symbol_to_c_name_address='sed -n -e '\''s/^: \([^ ]*\)[ ]*$/  {\"\1\", (void *) 0},/p'\'' -e '\''s/^[ABCDGIRSTW]* \([^ ]*\) \([^ ]*\)$/  {"\2", (void *) \&\2},/p'\'''
lt_cv_sys_global_symbol_to_c_name_address_lib_prefix='sed -n -e '\''s/^: \([^ ]*\)[ ]*$/  {\"\1\", (void *) 0},/p'\'' -e '\''s/^[ABCDGIRSTW]* \([^ ]*\) \(lib[^ ]*\)$/  {"\2", (void *) \&\2},/p'\'' -e '\''s/^[ABCDGIRSTW]* \([^ ]*\) \([^ ]*\)$/  {"lib\2", (void *) \&\2},/p'\'''
lt_cv_sys_global_symbol_to_cdecl='sed -n -e '\''s/^T .* \(.*\)$/extern int \1();/p'\'' -e '\''s/^[ABCDGIRSTW]* .* \(.*\)$/extern char \1;/p'\'''
lt_cv_sys_max_cmd_len=1572864
lt_cv_to_host_file_cmd=func_convert_file_noop
lt_cv_to_tool_file_cmd=func_convert_file_noop

## ----------------- ##
## Output variables. ##
## ----------------- ##

ACLOCAL='${SHELL} /root/code/ipg/ice_ipgsdk/ice_ipcsdk/missing aclocal-1.14'
AMDEPBACKSLASH='\'
AMDEP_FALSE='#'
AMDEP_TRUE=''
AMTAR='$${TAR-tar}'
AM_BACKSLASH='\'
AM_DEFAULT_V='$(AM_DEFAULT_VERBOSITY)'
AM_DEFAULT_VERBOSITY='1'
AM_V='$(V)'
AR='ar'
AUTOCONF='${SHELL} /root/code/ipg/ice_ipgsdk/ice_ipcsdk/missing autoconf'
AUTOHEADER='${SHELL} /root/code/ipg/ice_ipgsdk/ice_ipcsdk/missing autoheader'
AUTOMAKE='${SHELL} /root/code/ipg/ice_ipgsdk/ice_ipcsdk/missing automake-1.14'
AWK='gawk'
CC='gcc'
CCDEPMODE='depmode=gcc3'
CFLAGS='-g -O2'
CPP='gcc -E'
CPPFLAGS=''
CXX='g++'
CXXCPP='g++ -E'
CXXDEPMODE='depmode=gcc3'
CXXFLAGS='-g -O2'
CYGPATH_W='echo'
DEFS='-DHAVE_CONFIG_H'
DEPDIR='.deps'
DLLTOOL='false'
DSYMUTIL=''
DUMPBIN=''
ECHO_C=''
ECHO_N='-n'
ECHO_T=''
EGREP='/bin/grep -E'
EXEEXT=''
FGREP='/bin/grep -F'
GREP='/bin/grep'
INSTALL_DATA='${INSTALL} -m 644'
INSTALL_PROGRAM='${INSTALL}'
INSTALL_SCRIPT='${INSTALL}'
INSTALL_STRIP_PROGRAM='$(install_sh) -c -s'
LD='/usr/bin/ld'
LDFLAGS=''
LIBOBJS=''
LIBS=''
LIBTOOL='$(SHELL) $(top_builddir)/libtool'
LIPO=''
LN_S='ln -s'
LTLIBOBJS=''
MAKEINFO='${SHELL} /root/code/ipg/ice_ipgsdk/ice_ipcsdk/missing makeinfo'
MANIFEST_TOOL=':'
MKDIR_P='/bin/mkdir -p'
NM='/usr/bin/nm -B'
NMEDIT=''
OBJDUMP='objdump'
OBJEXT='o'
OTOOL64=''
OTOOL=''
PACKAGE='ice_ipgsdk'
PACKAGE_BUGREPORT=''
PACKAGE_NAME='ice_ipgsdk'
PACKAGE_STRING='ice_ipgsdk 1.0.0.4'
PACKAGE_TARNAME='ice_ipgsdk'
PACKAGE_URL=''
PACKAGE_VERSION='1.0.0.4'
PATH_SEPARATOR=':'
RANLIB='ranlib'
SED='/bin/sed'
SET_MAKE=''
SHELL='/bin/bash'
STRIP='strip'
VERSION='1.0.0.4'
ac_ct_AR='ar'
ac_ct_CC='gcc'
ac_ct_CXX='g++'
ac_ct_DUMPBIN=''
am__EXEEXT_FALSE=''
am__EXEEXT_TRUE='#'
am__fastdepCC_FALSE='#'
am__fastdepCC_TRUE=''
am__fastdepCXX_FALSE='#'
am__fastdepCXX_TRUE=''
am__include='include'
am__isrc=''
am__leading_dot='.'
am__nodep='_no'
am__quote=''
am__tar='$${TAR-tar} chof - "$$tardir"'
am__untar='$${TAR-tar} xf -'
bindir='${exec_prefix}/bin'
build='i686-pc-linux-gnu'
build_alias=''
build_cpu='i686'
build_os='linux-gnu'
build_vendor='pc'
datadir='${datarootdir}'
datarootdir='${prefix}/share'
docdir='${datarootdir}/doc/${PACKAGE_TARNAME}'
dvidir='${docdir}'
exec_prefix='${prefix}'
host='i686-pc-linux-gnu'
host_alias=''
host_cpu='i686'
host_os='linux-gnu'
host_vendor='pc'
htmldir='${docdir}'
includedir='${prefix}/include'
infodir='${datarootdir}/info'
install_sh='${SHELL} /root/code/ipg/ice_ipgsdk/ice_ipcsdk/install-sh'
libdir='${exec_prefix}/lib'
libexecdir='${exec_prefix}/libexec'
localedir='${datarootdir}/locale'
localstatedir='${prefix}/var'
mandir='${datarootdir}/man'
mkdir_p='$(MKDIR_P)'
oldincludedir='/usr/include'
pdfdir='${docdir}'
prefix='/root/code/ipg/ice_ipgsdk'
program_transform_name='s,x,x,'
psdir='${docdir}'
sbindir='${exec_prefix}/sbin'
sharedstatedir='${prefix}/com'
sysconfdir='${prefix}/etc'
target_alias=''

## ----------- ##
## confdefs.h. ##
## ----------- ##

/* confdefs.h */
#define PACKAGE_NAME "ice_ipgsdk"
#define PACKAGE_TARNAME "ice_ipgsdk"
#define PACKAGE_VERSION "1.0.0.4"
#define PACKAGE_STRING "ice_ipgsdk 1.0.0.4"
#define PACKAGE_BUGREPORT ""
#define PACKAGE_URL ""
#define PACKAGE "ice_ipgsdk"
#define VERSION "1.0.0.4"
#define STDC_HEADERS 1
#define HAVE_SYS_TYPES_H 1
#define HAVE_SYS_STAT_H 1
#define HAVE_STDLIB_H 1
#define HAVE_STRING_H 1
#define HAVE_MEMORY_H 1
#define HAVE_STRINGS_H 1
#define HAVE_INTTYPES_H 1
#define HAVE_STDINT_H 1
#define HAVE_UNISTD_H 1
#define HAVE_DLFCN_H 1
#define LT_OBJDIR ".libs/"
#define HAVE_ARPA_INET_H 1
#define HAVE_FCNTL_H 1
#define HAVE_STDINT_H 1
#define HAVE_STDLIB_H 1
#define HAVE_STRING_H 1
#define HAVE_SYS_SOCKET_H 1
#define HAVE_UNISTD_H 1
#define HAVE__BOOL 1
#define HAVE_STDLIB_H 1
#define HAVE_MALLOC 1
#define TIME_WITH_SYS_TIME 1
#define HAVE_SYS_TIME_H 1
#define HAVE_UNISTD_H 1
#define HAVE_ALARM 1
#define HAVE_GETTIMEOFDAY 1
#define HAVE_INET_NTOA 1
#define HAVE_MEMMOVE 1
#define HAVE_MEMSET 1
#define HAVE_MKDIR 1
#define HAVE_SELECT 1
#define HAVE_SOCKET 1
#define HAVE_STRCHR 1
#define HAVE_STRSTR 1

configure: exit 0

## ---------------------- ##
## Running config.status. ##
## ---------------------- ##

This file was extended by ice_ipgsdk config.status 1.0.0.4, which was
generated by GNU Autoconf 2.69.  Invocation command line was

  CONFIG_FILES    = 
  CONFIG_HEADERS  = 
  CONFIG_LINKS    = 
  CONFIG_COMMANDS = 
  $ ./config.status Makefile depfiles

on ubuntu-dev

config.status:1166: creating Makefile
config.status:1395: executing depfiles commands
